Cloud-init v. 23.1.2-0ubuntu0~22.10.1 running 'init-local' at Mon, 24 Jul 2023 06:38:05 +0000. Up 38.20 seconds.
Cloud-init v. 23.1.2-0ubuntu0~22.10.1 running 'init' at Mon, 24 Jul 2023 06:38:09 +0000. Up 41.33 seconds.
ci-info: ++++++++++++++++++++++++++++++++++++++Net device info+++++++++++++++++++++++++++++++++++++++
ci-info: +--------+------+-----------------------------+---------------+--------+-------------------+
ci-info: | Device |  Up  |           Address           |      Mask     | Scope  |     Hw-Address    |
ci-info: +--------+------+-----------------------------+---------------+--------+-------------------+
ci-info: | ens33  | True |          10.10.10.7         | 255.255.255.0 | global | 00:0c:29:18:68:e6 |
ci-info: | ens33  | True | fe80::20c:29ff:fe18:68e6/64 |       .       |  link  | 00:0c:29:18:68:e6 |
ci-info: |   lo   | True |          127.0.0.1          |   255.0.0.0   |  host  |         .         |
ci-info: |   lo   | True |           ::1/128           |       .       |  host  |         .         |
ci-info: +--------+------+-----------------------------+---------------+--------+-------------------+
ci-info: +++++++++++++++++++++++++++++Route IPv4 info++++++++++++++++++++++++++++++
ci-info: +-------+-------------+------------+-----------------+-----------+-------+
ci-info: | Route | Destination |  Gateway   |     Genmask     | Interface | Flags |
ci-info: +-------+-------------+------------+-----------------+-----------+-------+
ci-info: |   0   |   0.0.0.0   | 10.10.10.2 |     0.0.0.0     |   ens33   |   UG  |
ci-info: |   1   |  10.10.10.0 |  0.0.0.0   |  255.255.255.0  |   ens33   |   U   |
ci-info: |   2   |  10.10.10.2 |  0.0.0.0   | 255.255.255.255 |   ens33   |   UH  |
ci-info: +-------+-------------+------------+-----------------+-----------+-------+
ci-info: +++++++++++++++++++Route IPv6 info+++++++++++++++++++
ci-info: +-------+-------------+---------+-----------+-------+
ci-info: | Route | Destination | Gateway | Interface | Flags |
ci-info: +-------+-------------+---------+-----------+-------+
ci-info: |   1   |  fe80::/64  |    ::   |   ens33   |   U   |
ci-info: |   3   |    local    |    ::   |   ens33   |   U   |
ci-info: |   4   |  multicast  |    ::   |   ens33   |   U   |
ci-info: +-------+-------------+---------+-----------+-------+
Generating public/private rsa key pair.
Your identification has been saved in /etc/ssh/ssh_host_rsa_key
Your public key has been saved in /etc/ssh/ssh_host_rsa_key.pub
The key fingerprint is:
SHA256:+y5WgUKRtx/pQVjH7NDxSp0pV4Z2jW6iqCyCTbsw0cs root@web
The key's randomart image is:
+---[RSA 3072]----+
|      .o o.+o. o+|
|      o o o.+o+=o|
|     . . + +oo*. |
| .    . o =.o+o  |
|. .    .S+ =.o   |
| o..    ..=      |
|o+E. . ...       |
|.o+ . o o.       |
|  .o . . oo      |
+----[SHA256]-----+
Generating public/private dsa key pair.
Your identification has been saved in /etc/ssh/ssh_host_dsa_key
Your public key has been saved in /etc/ssh/ssh_host_dsa_key.pub
The key fingerprint is:
SHA256:owDyYMPhTXZXpvElbUawX6U4YI9oR3SagR2PZtjZsf4 root@web
The key's randomart image is:
+---[DSA 1024]----+
| . o . o=%==   . |
|o = . ..@.^++ o  |
|o=..   = &oB o   |
|.+..  . + o o    |
|  . .   S  o     |
|     . . .  .    |
|      .      E   |
|                 |
|                 |
+----[SHA256]-----+
Generating public/private ecdsa key pair.
Your identification has been saved in /etc/ssh/ssh_host_ecdsa_key
Your public key has been saved in /etc/ssh/ssh_host_ecdsa_key.pub
The key fingerprint is:
SHA256:H1B/ELQGKNUd61dLBq6e4wb52n4B5+qRiQbASY6qRxs root@web
The key's randomart image is:
+---[ECDSA 256]---+
|     . ..ooo=+   |
|    = o ...oo+.  |
|   . = ..   =..o.|
|  .   .  . +.oo..|
| .E    .S o.= .. |
|.. o    .+o.++   |
|. o      o+B. .  |
| .      . o+o.   |
|         .==.    |
+----[SHA256]-----+
Generating public/private ed25519 key pair.
Your identification has been saved in /etc/ssh/ssh_host_ed25519_key
Your public key has been saved in /etc/ssh/ssh_host_ed25519_key.pub
The key fingerprint is:
SHA256:yLNF52PhSeq2sbLXNdauQ7DWVckqMC7Bn8/fpssd1jU root@web
The key's randomart image is:
+--[ED25519 256]--+
|      .       . .|
|       o o     o.|
|        = B   .. |
|     . + X.+ ..  |
|      + S O+.o E.|
|       = .o+* . +|
|      . +o +.o.o.|
|      ...+. o.+o.|
|      .+o   .*+. |
+----[SHA256]-----+
Cloud-init v. 23.1.2-0ubuntu0~22.10.1 running 'modules:config' at Mon, 24 Jul 2023 06:38:15 +0000. Up 47.74 seconds.
Cloud-init v. 23.1.2-0ubuntu0~22.10.1 running 'modules:final' at Mon, 24 Jul 2023 06:38:16 +0000. Up 48.78 seconds.
Cloud-init v. 23.1.2-0ubuntu0~22.10.1 finished at Mon, 24 Jul 2023 06:38:16 +0000. Datasource DataSourceNone.  Up 48.97 seconds
2023-07-24 06:38:16,682 - cc_final_message.py[WARNING]: Used fallback datasource
