Cloud-init v. 22.3.4-0ubuntu1 running 'init-local' at Mon, 24 Jul 2023 15:20:54 +0000. Up 76.95 seconds.
Cloud-init v. 22.3.4-0ubuntu1 running 'init' at Mon, 24 Jul 2023 15:20:56 +0000. Up 78.65 seconds.
ci-info: ++++++++++++++++++++++++++++++++++++Net device info++++++++++++++++++++++++++++++++++++
ci-info: +--------+------+-----------------------------+-----------+-------+-------------------+
ci-info: | Device |  Up  |           Address           |    Mask   | Scope |     Hw-Address    |
ci-info: +--------+------+-----------------------------+-----------+-------+-------------------+
ci-info: | ens33  | True | fe80::20c:29ff:fe18:68e6/64 |     .     |  link | 00:0c:29:18:68:e6 |
ci-info: |   lo   | True |          127.0.0.1          | 255.0.0.0 |  host |         .         |
ci-info: |   lo   | True |           ::1/128           |     .     |  host |         .         |
ci-info: +--------+------+-----------------------------+-----------+-------+-------------------+
ci-info: +++++++++++++++++++Route IPv6 info+++++++++++++++++++
ci-info: +-------+-------------+---------+-----------+-------+
ci-info: | Route | Destination | Gateway | Interface | Flags |
ci-info: +-------+-------------+---------+-----------+-------+
ci-info: |   1   |  fe80::/64  |    ::   |   ens33   |   U   |
ci-info: |   3   |  multicast  |    ::   |   ens33   |   U   |
ci-info: +-------+-------------+---------+-----------+-------+
Generating public/private rsa key pair.
Your identification has been saved in /etc/ssh/ssh_host_rsa_key
Your public key has been saved in /etc/ssh/ssh_host_rsa_key.pub
The key fingerprint is:
SHA256:KFCFl1wGi/pYj2xJyYtR2TPRLPgMpHP33HeQQB2JJ3Q root@ubuntu-server
The key's randomart image is:
+---[RSA 3072]----+
|   .o=+*oo+oEo   |
|   o++=+o oo+.   |
|  + ==*.   oo    |
|   B oo* .   .   |
|  o * . S . . .  |
|   O *     . .   |
|  o B .          |
|   .             |
|                 |
+----[SHA256]-----+
Generating public/private dsa key pair.
Your identification has been saved in /etc/ssh/ssh_host_dsa_key
Your public key has been saved in /etc/ssh/ssh_host_dsa_key.pub
The key fingerprint is:
SHA256:w08zjrdbgOPuIuyDQB6Dd9N6Pud9dHclnzAS0B58S54 root@ubuntu-server
The key's randomart image is:
+---[DSA 1024]----+
|         .+      |
|           = o   |
|.    .    . * o  |
|.+. o .. . o E. .|
|o.o. o  S = . ooo|
|..  . .. B +. ..+|
| . o o  o +... ..|
|  . + +..o o.    |
|   ..o *+ +o     |
+----[SHA256]-----+
Generating public/private ecdsa key pair.
Your identification has been saved in /etc/ssh/ssh_host_ecdsa_key
Your public key has been saved in /etc/ssh/ssh_host_ecdsa_key.pub
The key fingerprint is:
SHA256:u4SduiQKEFJcEaw+1+gYPblO3Q9duSWhQQIcup972kY root@ubuntu-server
The key's randomart image is:
+---[ECDSA 256]---+
| ..o++oo. .      |
| .. ...  o       |
|o  ..     . .    |
|...  .     o o   |
|.. ..+  S . + .  |
|. + *o.=E+ . +   |
|.  *oo*.B . .    |
| ..ooo =o+       |
|  ... ==o .      |
+----[SHA256]-----+
Generating public/private ed25519 key pair.
Your identification has been saved in /etc/ssh/ssh_host_ed25519_key
Your public key has been saved in /etc/ssh/ssh_host_ed25519_key.pub
The key fingerprint is:
SHA256:OkEZruuyIcIfRN+1JTdSXa0UEZEie2srS9ofWkx/hic root@ubuntu-server
The key's randomart image is:
+--[ED25519 256]--+
|      .    .. *B.|
|     . o  o ..o .|
|   .  +  + * o . |
|  . .o. . B o .  |
|   .....S. ...   |
|. .  . o   oo. . |
|o.... o   ..+.E +|
|..oo.  . +.o.. = |
|  .+.   . ++.    |
+----[SHA256]-----+
Cloud-init v. 22.3.4-0ubuntu1 running 'modules:config' at Mon, 24 Jul 2023 15:21:12 +0000. Up 94.56 seconds.
Cloud-init v. 22.3.4-0ubuntu1 running 'modules:final' at Mon, 24 Jul 2023 15:21:14 +0000. Up 97.22 seconds.
Cloud-init v. 22.3.4-0ubuntu1 finished at Mon, 24 Jul 2023 15:21:14 +0000. Datasource DataSourceNoCloud [seed=/var/lib/cloud/seed/nocloud][dsmode=net].  Up 97.28 seconds
