
---- [[ subiquity step initial ]] ----
curtin: Installation started. (22.1-43-g9e9f66e83)
curtin: Installation finished.

---- [[ subiquity step partitioning ]] ----
curtin: Installation started. (22.1-43-g9e9f66e83)
start: cmd-install/stage-partitioning/builtin/cmd-block-meta: curtin command block-meta
get_path_to_storage_volume for volume disk-sda({'ptable': 'gpt', 'path': '/dev/sda', 'wipe': 'superblock-recursive', 'preserve': False, 'name': '', 'grub_device': True, 'type': 'disk', 'id': 'disk-sda'})
Running command ['udevadm', 'info', '--query=property', '--export', '/dev/sda'] with allowed return codes [0] (capture=True)
/dev/sda is multipath device member? False
Running command ['partprobe', '/dev/sda'] with allowed return codes [0, 1] (capture=False)
Running command ['udevadm', 'settle'] with allowed return codes [0] (capture=False)
TIMED udevadm_settle(): 0.051
devsync happy - path /dev/sda now exists
return volume path /dev/sda
get_path_to_storage_volume for volume partition-1({'device': 'disk-sda', 'size': 4294967296, 'wipe': 'superblock', 'flag': 'swap', 'number': 2, 'preserve': False, 'grub_device': False, 'offset': 2097152, 'type': 'partition', 'id': 'partition-1'})
get_path_to_storage_volume for volume disk-sda({'ptable': 'gpt', 'path': '/dev/sda', 'wipe': 'superblock-recursive', 'preserve': False, 'name': '', 'grub_device': True, 'type': 'disk', 'id': 'disk-sda'})
Running command ['udevadm', 'info', '--query=property', '--export', '/dev/sda'] with allowed return codes [0] (capture=True)
/dev/sda is multipath device member? False
Running command ['partprobe', '/dev/sda'] with allowed return codes [0, 1] (capture=False)
Running command ['udevadm', 'settle'] with allowed return codes [0] (capture=False)
TIMED udevadm_settle(): 0.032
devsync happy - path /dev/sda now exists
return volume path /dev/sda
get_path_to_storage_volume for volume partition-2({'device': 'disk-sda', 'size': 49388978176, 'wipe': 'superblock', 'number': 3, 'preserve': False, 'grub_device': False, 'offset': 4297064448, 'type': 'partition', 'id': 'partition-2'})
get_path_to_storage_volume for volume disk-sda({'ptable': 'gpt', 'path': '/dev/sda', 'wipe': 'superblock-recursive', 'preserve': False, 'name': '', 'grub_device': True, 'type': 'disk', 'id': 'disk-sda'})
Running command ['udevadm', 'info', '--query=property', '--export', '/dev/sda'] with allowed return codes [0] (capture=True)
/dev/sda is multipath device member? False
Running command ['partprobe', '/dev/sda'] with allowed return codes [0, 1] (capture=False)
Running command ['udevadm', 'settle'] with allowed return codes [0] (capture=False)
TIMED udevadm_settle(): 0.031
devsync happy - path /dev/sda now exists
return volume path /dev/sda
block-meta: extracted devices to clear: ['/dev/sda']
Declared block devices: ['/dev/sda']
clearing devices=['/dev/sda']
start: cmd-install/stage-partitioning/builtin/cmd-block-meta/clear-holders: removing previous storage devices
Running command ['mdadm', '--assemble', '--scan', '-v'] with allowed return codes [0, 1, 2] (capture=True)
mdadm assemble scan results:

mdadm: looking for devices for further assembly
mdadm: no recogniseable superblock on /dev/loop11
mdadm: no recogniseable superblock on /dev/loop10
mdadm: no recogniseable superblock on /dev/loop9
mdadm: no recogniseable superblock on /dev/loop8
mdadm: no recogniseable superblock on /dev/sr0
mdadm: no recogniseable superblock on /dev/sda
mdadm: no recogniseable superblock on /dev/loop7
mdadm: no recogniseable superblock on /dev/loop6
mdadm: no recogniseable superblock on /dev/loop5
mdadm: no recogniseable superblock on /dev/loop4
mdadm: no recogniseable superblock on /dev/loop3
mdadm: no recogniseable superblock on /dev/loop2
mdadm: no recogniseable superblock on /dev/loop1
mdadm: no recogniseable superblock on /dev/loop0
mdadm: No arrays found in config file or automatically

Running command ['mdadm', '--detail', '--scan', '-v'] with allowed return codes [0, 1] (capture=True)
mdadm detail scan after assemble:


Running command ['udevadm', 'settle'] with allowed return codes [0] (capture=False)
TIMED udevadm_settle(): 0.015
Detected multipath support, reload maps
Running command ['multipath', '-r'] with allowed return codes [0] (capture=False)
Verifying /dev/mapper/mpath* files are symlinks
Running command ['dmsetup', 'ls', '-o', 'blkdevname'] with allowed return codes [0] (capture=True)
Running command ['pvscan', '--config', 'devices{ filter = [ "a|/dev/mapper/mpath.*|", "a|/dev/mapper/dm_crypt-.*|", "r|.*|" ] }'] with allowed return codes [0] (capture=True)
Running command ['vgscan', '--config', 'devices{ filter = [ "a|/dev/mapper/mpath.*|", "a|/dev/mapper/dm_crypt-.*|", "r|.*|" ] }'] with allowed return codes [0] (capture=True)
Running command ['vgchange', '--activate=y', '--config', 'devices{ filter = [ "a|/dev/mapper/mpath.*|", "a|/dev/mapper/dm_crypt-.*|", "r|.*|" ] }'] with allowed return codes [0] (capture=True)
Running command ['udevadm', 'settle'] with allowed return codes [0] (capture=False)
TIMED udevadm_settle(): 0.023
Loading kernel module bcache via modprobe
Running command ['modprobe', '--use-blacklist', 'bcache'] with allowed return codes [0] (capture=False)
Loading kernel module zfs via modprobe
Running command ['modprobe', '--use-blacklist', 'zfs'] with allowed return codes [0] (capture=False)
zfs filesystem is not supported in this environment
Generating device storage trees for path(s): ['/dev/sda']
devname '/sys/class/block/sda' had holders: []
/dev/sda is multipath device partition? False
/dev/sda is multipath device partition? False
/dev/sda is multipath device partition? False
Current device storage tree:
sda
Shutdown Plan:
{'level': 0, 'device': '/sys/class/block/sda', 'dev_type': 'disk'}
shutdown running on holder type: 'disk' syspath: '/sys/class/block/sda'
Running command ['lsblk', '--noheadings', '--bytes', '--pairs', '--output=ALIGNMENT,DISC-ALN,DISC-GRAN,DISC-MAX,DISC-ZERO,FSTYPE,GROUP,KNAME,LABEL,LOG-SEC,MAJ:MIN,MIN-IO,MODE,MODEL,MOUNTPOINT,NAME,OPT-IO,OWNER,PHY-SEC,RM,RO,ROTA,RQ-SIZE,SIZE,STATE,TYPE,UUID', '/dev/sda'] with allowed return codes [0] (capture=True)
get_blockdev_sector_size: info:
{
 "sda": {
  "ALIGNMENT": "0",
  "DISC-ALN": "0",
  "DISC-GRAN": "0",
  "DISC-MAX": "0",
  "DISC-ZERO": "0",
  "FSTYPE": "",
  "GROUP": "disk",
  "KNAME": "sda",
  "LABEL": "",
  "LOG-SEC": "512",
  "MAJ:MIN": "8:0",
  "MIN-IO": "512",
  "MODE": "brw-rw----",
  "MODEL": "VMware Virtual S",
  "MOUNTPOINT": "",
  "NAME": "sda",
  "OPT-IO": "0",
  "OWNER": "root",
  "PHY-SEC": "512",
  "RM": "0",
  "RO": "0",
  "ROTA": "1",
  "RQ-SIZE": "254",
  "SIZE": "53687091200",
  "STATE": "running",
  "TYPE": "disk",
  "UUID": "",
  "device_path": "/dev/sda"
 }
}
get_blockdev_sector_size: (log=512, phys=512)
Running command ['fdasd', '--table', '/dev/sda'] with allowed return codes [0] (capture=False)
Checking if /dev/sda is a swap device
Found swap magic: b'\x00\x00\x00\x00\x00\x00\x00\x00\x00\x00'
Running command ['udevadm', 'info', '--query=property', '--export', '/dev/sda'] with allowed return codes [0] (capture=True)
/dev/sda is multipath device? False
Running command ['udevadm', 'info', '--query=property', '--export', '/dev/sda'] with allowed return codes [0] (capture=True)
/dev/sda is multipath device member? False
wiping superblock on /dev/sda
wiping /dev/sda attempt 1/4
Running command ['wipefs', '--all', '--force', '/dev/sda'] with allowed return codes [0] (capture=False)
wiping 1M on /dev/sda at offsets [0, -1048576]
successfully wiped device /dev/sda on attempt 1/4
devname '/sys/class/block/sda' had holders: []
/dev/sda is multipath device partition? False
/dev/sda is multipath device partition? False
/dev/sda is multipath device partition? False
finish: cmd-install/stage-partitioning/builtin/cmd-block-meta/clear-holders: SUCCESS: removing previous storage devices
blockmeta: detected storage config, using mode=custom
start: cmd-install/stage-partitioning/builtin/cmd-block-meta: configuring disk: disk-sda
get_path_to_storage_volume for volume disk-sda({'ptable': 'gpt', 'path': '/dev/sda', 'wipe': 'superblock-recursive', 'preserve': False, 'name': '', 'grub_device': True, 'type': 'disk', 'id': 'disk-sda'})
Running command ['udevadm', 'info', '--query=property', '--export', '/dev/sda'] with allowed return codes [0] (capture=True)
/dev/sda is multipath device member? False
Running command ['partprobe', '/dev/sda'] with allowed return codes [0, 1] (capture=False)
Running command ['udevadm', 'settle'] with allowed return codes [0] (capture=False)
TIMED udevadm_settle(): 0.036
devsync happy - path /dev/sda now exists
return volume path /dev/sda
Running command ['wipefs', '--all', '--force', '/dev/sda'] with allowed return codes [0] (capture=False)
wiping 1M on /dev/sda at offsets [0, -1048576]
labeling device: '/dev/sda' with 'gpt' partition table
Running command ['wipefs', '--all', '--force', '/dev/sda'] with allowed return codes [0] (capture=False)
wiping 1M on /dev/sda at offsets [0, -1048576]
devname '/dev/sda' had holders: []
finish: cmd-install/stage-partitioning/builtin/cmd-block-meta: SUCCESS: configuring disk: disk-sda
start: cmd-install/stage-partitioning/builtin/cmd-block-meta: configuring partition: partition-0
get_path_to_storage_volume for volume disk-sda({'ptable': 'gpt', 'path': '/dev/sda', 'wipe': 'superblock-recursive', 'preserve': False, 'name': '', 'grub_device': True, 'type': 'disk', 'id': 'disk-sda'})
Running command ['udevadm', 'info', '--query=property', '--export', '/dev/sda'] with allowed return codes [0] (capture=True)
/dev/sda is multipath device member? False
Running command ['partprobe', '/dev/sda'] with allowed return codes [0, 1] (capture=False)
Running command ['udevadm', 'settle'] with allowed return codes [0] (capture=False)
TIMED udevadm_settle(): 0.040
devsync happy - path /dev/sda now exists
return volume path /dev/sda
Running command ['lsblk', '--noheadings', '--bytes', '--pairs', '--output=ALIGNMENT,DISC-ALN,DISC-GRAN,DISC-MAX,DISC-ZERO,FSTYPE,GROUP,KNAME,LABEL,LOG-SEC,MAJ:MIN,MIN-IO,MODE,MODEL,MOUNTPOINT,NAME,OPT-IO,OWNER,PHY-SEC,RM,RO,ROTA,RQ-SIZE,SIZE,STATE,TYPE,UUID', '/dev/sda'] with allowed return codes [0] (capture=True)
get_blockdev_sector_size: info:
{
 "sda": {
  "ALIGNMENT": "0",
  "DISC-ALN": "0",
  "DISC-GRAN": "0",
  "DISC-MAX": "0",
  "DISC-ZERO": "0",
  "FSTYPE": "",
  "GROUP": "disk",
  "KNAME": "sda",
  "LABEL": "",
  "LOG-SEC": "512",
  "MAJ:MIN": "8:0",
  "MIN-IO": "512",
  "MODE": "brw-rw----",
  "MODEL": "VMware Virtual S",
  "MOUNTPOINT": "",
  "NAME": "sda",
  "OPT-IO": "0",
  "OWNER": "root",
  "PHY-SEC": "512",
  "RM": "0",
  "RO": "0",
  "ROTA": "1",
  "RQ-SIZE": "254",
  "SIZE": "53687091200",
  "STATE": "running",
  "TYPE": "disk",
  "UUID": "",
  "device_path": "/dev/sda"
 }
}
get_blockdev_sector_size: (log=512, phys=512)
sda logical_block_size_bytes: 512
adding partition 'partition-0' to disk 'disk-sda' (ptable: 'gpt')
partnum: 1 offset_sectors: 2048 length_sectors: 2047
Running command ['sgdisk', '--new', '1:2048:4095', '--typecode=1:ef02', '/dev/sda'] with allowed return codes [0] (capture=True)
Running command ['udevadm', 'info', '--query=property', '--export', '/dev/sda'] with allowed return codes [0] (capture=True)
/dev/sda is multipath device? False
Running command ['blockdev', '--rereadpt', '/dev/sda'] with allowed return codes [0] (capture=True)
Running command ['udevadm', 'settle'] with allowed return codes [0] (capture=False)
TIMED udevadm_settle(): 0.099
TIMED udevadm_settle(exists='/dev/sda1'): 0.000
finish: cmd-install/stage-partitioning/builtin/cmd-block-meta: SUCCESS: configuring partition: partition-0
start: cmd-install/stage-partitioning/builtin/cmd-block-meta: configuring partition: partition-1
get_path_to_storage_volume for volume disk-sda({'ptable': 'gpt', 'path': '/dev/sda', 'wipe': 'superblock-recursive', 'preserve': False, 'name': '', 'grub_device': True, 'type': 'disk', 'id': 'disk-sda'})
Running command ['udevadm', 'info', '--query=property', '--export', '/dev/sda'] with allowed return codes [0] (capture=True)
/dev/sda is multipath device member? False
Running command ['partprobe', '/dev/sda'] with allowed return codes [0, 1] (capture=False)
Running command ['udevadm', 'settle'] with allowed return codes [0] (capture=False)
TIMED udevadm_settle(): 0.063
devsync happy - path /dev/sda now exists
return volume path /dev/sda
Running command ['lsblk', '--noheadings', '--bytes', '--pairs', '--output=ALIGNMENT,DISC-ALN,DISC-GRAN,DISC-MAX,DISC-ZERO,FSTYPE,GROUP,KNAME,LABEL,LOG-SEC,MAJ:MIN,MIN-IO,MODE,MODEL,MOUNTPOINT,NAME,OPT-IO,OWNER,PHY-SEC,RM,RO,ROTA,RQ-SIZE,SIZE,STATE,TYPE,UUID', '/dev/sda'] with allowed return codes [0] (capture=True)
get_blockdev_sector_size: info:
{
 "sda": {
  "ALIGNMENT": "0",
  "DISC-ALN": "0",
  "DISC-GRAN": "0",
  "DISC-MAX": "0",
  "DISC-ZERO": "0",
  "FSTYPE": "",
  "GROUP": "disk",
  "KNAME": "sda",
  "LABEL": "",
  "LOG-SEC": "512",
  "MAJ:MIN": "8:0",
  "MIN-IO": "512",
  "MODE": "brw-rw----",
  "MODEL": "VMware Virtual S",
  "MOUNTPOINT": "",
  "NAME": "sda",
  "OPT-IO": "0",
  "OWNER": "root",
  "PHY-SEC": "512",
  "RM": "0",
  "RO": "0",
  "ROTA": "1",
  "RQ-SIZE": "254",
  "SIZE": "53687091200",
  "STATE": "running",
  "TYPE": "disk",
  "UUID": "",
  "device_path": "/dev/sda"
 },
 "sda1": {
  "ALIGNMENT": "0",
  "DISC-ALN": "0",
  "DISC-GRAN": "0",
  "DISC-MAX": "0",
  "DISC-ZERO": "0",
  "FSTYPE": "",
  "GROUP": "disk",
  "KNAME": "sda1",
  "LABEL": "",
  "LOG-SEC": "512",
  "MAJ:MIN": "8:1",
  "MIN-IO": "512",
  "MODE": "brw-rw----",
  "MODEL": "",
  "MOUNTPOINT": "",
  "NAME": "sda1",
  "OPT-IO": "0",
  "OWNER": "root",
  "PHY-SEC": "512",
  "RM": "0",
  "RO": "0",
  "ROTA": "1",
  "RQ-SIZE": "254",
  "SIZE": "1048576",
  "STATE": "",
  "TYPE": "part",
  "UUID": "",
  "device_path": "/dev/sda1"
 }
}
get_blockdev_sector_size: (log=512, phys=512)
sda logical_block_size_bytes: 512
previous partition number for 'partition-1' found to be '1'
partition_kname=sda1
calc_partition_info: sda1 size_sectors=2048 start_sectors=2048
adding partition 'partition-1' to disk 'disk-sda' (ptable: 'gpt')
partnum: 2 offset_sectors: 4096 length_sectors: 8388607
Preparing partition location on disk /dev/sda
Wiping 1M on /dev/sda at offset 2097152
Running command ['sgdisk', '--new', '2:4096:8392703', '--typecode=2:8200', '/dev/sda'] with allowed return codes [0] (capture=True)
Running command ['udevadm', 'info', '--query=property', '--export', '/dev/sda'] with allowed return codes [0] (capture=True)
/dev/sda is multipath device? False
Running command ['blockdev', '--rereadpt', '/dev/sda'] with allowed return codes [0] (capture=True)
Running command ['udevadm', 'settle'] with allowed return codes [0] (capture=False)
TIMED udevadm_settle(): 0.110
TIMED udevadm_settle(exists='/dev/sda2'): 0.000
finish: cmd-install/stage-partitioning/builtin/cmd-block-meta: SUCCESS: configuring partition: partition-1
start: cmd-install/stage-partitioning/builtin/cmd-block-meta: configuring format: format-0
get_path_to_storage_volume for volume partition-1({'device': 'disk-sda', 'size': 4294967296, 'wipe': 'superblock', 'flag': 'swap', 'number': 2, 'preserve': False, 'grub_device': False, 'offset': 2097152, 'type': 'partition', 'id': 'partition-1'})
get_path_to_storage_volume for volume disk-sda({'ptable': 'gpt', 'path': '/dev/sda', 'wipe': 'superblock-recursive', 'preserve': False, 'name': '', 'grub_device': True, 'type': 'disk', 'id': 'disk-sda'})
Running command ['udevadm', 'info', '--query=property', '--export', '/dev/sda'] with allowed return codes [0] (capture=True)
/dev/sda is multipath device member? False
Running command ['partprobe', '/dev/sda'] with allowed return codes [0, 1] (capture=False)
Running command ['udevadm', 'settle'] with allowed return codes [0] (capture=False)
TIMED udevadm_settle(): 0.080
devsync happy - path /dev/sda now exists
return volume path /dev/sda
Running command ['partprobe', '/dev/sda'] with allowed return codes [0, 1] (capture=False)
Running command ['udevadm', 'settle'] with allowed return codes [0] (capture=False)
TIMED udevadm_settle(): 0.068
devsync happy - path /dev/sda now exists
return volume path /dev/sda2
mkfs /dev/sda2 info: {'fstype': 'swap', 'volume': 'partition-1', 'preserve': False, 'type': 'format', 'id': 'format-0'}
Running command ['lsblk', '--noheadings', '--bytes', '--pairs', '--output=ALIGNMENT,DISC-ALN,DISC-GRAN,DISC-MAX,DISC-ZERO,FSTYPE,GROUP,KNAME,LABEL,LOG-SEC,MAJ:MIN,MIN-IO,MODE,MODEL,MOUNTPOINT,NAME,OPT-IO,OWNER,PHY-SEC,RM,RO,ROTA,RQ-SIZE,SIZE,STATE,TYPE,UUID', '/dev/sda2'] with allowed return codes [0] (capture=True)
get_blockdev_sector_size: info:
{
 "sda2": {
  "ALIGNMENT": "0",
  "DISC-ALN": "0",
  "DISC-GRAN": "0",
  "DISC-MAX": "0",
  "DISC-ZERO": "0",
  "FSTYPE": "",
  "GROUP": "disk",
  "KNAME": "sda2",
  "LABEL": "",
  "LOG-SEC": "512",
  "MAJ:MIN": "8:2",
  "MIN-IO": "512",
  "MODE": "brw-rw----",
  "MODEL": "",
  "MOUNTPOINT": "",
  "NAME": "sda2",
  "OPT-IO": "0",
  "OWNER": "root",
  "PHY-SEC": "512",
  "RM": "0",
  "RO": "0",
  "ROTA": "1",
  "RQ-SIZE": "254",
  "SIZE": "4294967296",
  "STATE": "",
  "TYPE": "part",
  "UUID": "",
  "device_path": "/dev/sda2"
 }
}
get_blockdev_sector_size: (log=512, phys=512)
Running command ['mkswap', '--force', '--uuid', 'c0e0c9d6-3108-48e9-9f15-2be72673d591', '/dev/sda2'] with allowed return codes [0] (capture=True)
Formated device type: partition
finish: cmd-install/stage-partitioning/builtin/cmd-block-meta: SUCCESS: configuring format: format-0
start: cmd-install/stage-partitioning/builtin/cmd-block-meta: configuring mount: mount-0
get_path_to_storage_volume for volume partition-1({'device': 'disk-sda', 'size': 4294967296, 'wipe': 'superblock', 'flag': 'swap', 'number': 2, 'preserve': False, 'grub_device': False, 'offset': 2097152, 'type': 'partition', 'id': 'partition-1'})
get_path_to_storage_volume for volume disk-sda({'ptable': 'gpt', 'path': '/dev/sda', 'wipe': 'superblock-recursive', 'preserve': False, 'name': '', 'grub_device': True, 'type': 'disk', 'id': 'disk-sda'})
Running command ['udevadm', 'info', '--query=property', '--export', '/dev/sda'] with allowed return codes [0] (capture=True)
/dev/sda is multipath device member? False
Running command ['partprobe', '/dev/sda'] with allowed return codes [0, 1] (capture=False)
Running command ['udevadm', 'settle'] with allowed return codes [0] (capture=False)
TIMED udevadm_settle(): 0.076
devsync happy - path /dev/sda now exists
return volume path /dev/sda
Running command ['partprobe', '/dev/sda'] with allowed return codes [0, 1] (capture=False)
Running command ['udevadm', 'settle'] with allowed return codes [0] (capture=False)
TIMED udevadm_settle(): 0.076
devsync happy - path /dev/sda now exists
return volume path /dev/sda2
volume_path=/dev/sda2 found slaves: ['sda2']
kname_is_iscsi: no iscsi disk found for kname sda2
kname_is_iscsi: no iscsi disk found for kname sda2
Running command ['udevadm', 'info', '--query=property', '--export', '/dev/sda2'] with allowed return codes [0] (capture=True)
Running command ['lsblk', '--noheadings', '--bytes', '--pairs', '--output=ALIGNMENT,DISC-ALN,DISC-GRAN,DISC-MAX,DISC-ZERO,FSTYPE,GROUP,KNAME,LABEL,LOG-SEC,MAJ:MIN,MIN-IO,MODE,MODEL,MOUNTPOINT,NAME,OPT-IO,OWNER,PHY-SEC,RM,RO,ROTA,RQ-SIZE,SIZE,STATE,TYPE,UUID', '/dev/sda2'] with allowed return codes [0] (capture=True)
volspec: path=/dev/sda2 type=part
info[DEVLINKS] = ['/dev/disk/by-path/pci-0000:00:10.0-scsi-0:0:0:0-part2', '/dev/disk/by-partuuid/b429099f-4a98-420b-9b8e-d155aad8fac6', '/dev/disk/by-uuid/c0e0c9d6-3108-48e9-9f15-2be72673d591']
finish: cmd-install/stage-partitioning/builtin/cmd-block-meta: SUCCESS: configuring mount: mount-0
start: cmd-install/stage-partitioning/builtin/cmd-block-meta: configuring partition: partition-2
get_path_to_storage_volume for volume disk-sda({'ptable': 'gpt', 'path': '/dev/sda', 'wipe': 'superblock-recursive', 'preserve': False, 'name': '', 'grub_device': True, 'type': 'disk', 'id': 'disk-sda'})
Running command ['udevadm', 'info', '--query=property', '--export', '/dev/sda'] with allowed return codes [0] (capture=True)
/dev/sda is multipath device member? False
Running command ['partprobe', '/dev/sda'] with allowed return codes [0, 1] (capture=False)
Running command ['udevadm', 'settle'] with allowed return codes [0] (capture=False)
TIMED udevadm_settle(): 0.071
devsync happy - path /dev/sda now exists
return volume path /dev/sda
Running command ['lsblk', '--noheadings', '--bytes', '--pairs', '--output=ALIGNMENT,DISC-ALN,DISC-GRAN,DISC-MAX,DISC-ZERO,FSTYPE,GROUP,KNAME,LABEL,LOG-SEC,MAJ:MIN,MIN-IO,MODE,MODEL,MOUNTPOINT,NAME,OPT-IO,OWNER,PHY-SEC,RM,RO,ROTA,RQ-SIZE,SIZE,STATE,TYPE,UUID', '/dev/sda'] with allowed return codes [0] (capture=True)
get_blockdev_sector_size: info:
{
 "sda": {
  "ALIGNMENT": "0",
  "DISC-ALN": "0",
  "DISC-GRAN": "0",
  "DISC-MAX": "0",
  "DISC-ZERO": "0",
  "FSTYPE": "",
  "GROUP": "disk",
  "KNAME": "sda",
  "LABEL": "",
  "LOG-SEC": "512",
  "MAJ:MIN": "8:0",
  "MIN-IO": "512",
  "MODE": "brw-rw----",
  "MODEL": "VMware Virtual S",
  "MOUNTPOINT": "",
  "NAME": "sda",
  "OPT-IO": "0",
  "OWNER": "root",
  "PHY-SEC": "512",
  "RM": "0",
  "RO": "0",
  "ROTA": "1",
  "RQ-SIZE": "254",
  "SIZE": "53687091200",
  "STATE": "running",
  "TYPE": "disk",
  "UUID": "",
  "device_path": "/dev/sda"
 },
 "sda1": {
  "ALIGNMENT": "0",
  "DISC-ALN": "0",
  "DISC-GRAN": "0",
  "DISC-MAX": "0",
  "DISC-ZERO": "0",
  "FSTYPE": "",
  "GROUP": "disk",
  "KNAME": "sda1",
  "LABEL": "",
  "LOG-SEC": "512",
  "MAJ:MIN": "8:1",
  "MIN-IO": "512",
  "MODE": "brw-rw----",
  "MODEL": "",
  "MOUNTPOINT": "",
  "NAME": "sda1",
  "OPT-IO": "0",
  "OWNER": "root",
  "PHY-SEC": "512",
  "RM": "0",
  "RO": "0",
  "ROTA": "1",
  "RQ-SIZE": "254",
  "SIZE": "1048576",
  "STATE": "",
  "TYPE": "part",
  "UUID": "",
  "device_path": "/dev/sda1"
 },
 "sda2": {
  "ALIGNMENT": "0",
  "DISC-ALN": "0",
  "DISC-GRAN": "0",
  "DISC-MAX": "0",
  "DISC-ZERO": "0",
  "FSTYPE": "swap",
  "GROUP": "disk",
  "KNAME": "sda2",
  "LABEL": "",
  "LOG-SEC": "512",
  "MAJ:MIN": "8:2",
  "MIN-IO": "512",
  "MODE": "brw-rw----",
  "MODEL": "",
  "MOUNTPOINT": "",
  "NAME": "sda2",
  "OPT-IO": "0",
  "OWNER": "root",
  "PHY-SEC": "512",
  "RM": "0",
  "RO": "0",
  "ROTA": "1",
  "RQ-SIZE": "254",
  "SIZE": "4294967296",
  "STATE": "",
  "TYPE": "part",
  "UUID": "c0e0c9d6-3108-48e9-9f15-2be72673d591",
  "device_path": "/dev/sda2"
 }
}
get_blockdev_sector_size: (log=512, phys=512)
sda logical_block_size_bytes: 512
previous partition number for 'partition-2' found to be '2'
partition_kname=sda2
calc_partition_info: sda2 size_sectors=8388608 start_sectors=4096
adding partition 'partition-2' to disk 'disk-sda' (ptable: 'gpt')
partnum: 3 offset_sectors: 8392704 length_sectors: 96462847
Preparing partition location on disk /dev/sda
Wiping 1M on /dev/sda at offset 4297064448
Running command ['sgdisk', '--new', '3:8392704:104855551', '--typecode=3:8300', '/dev/sda'] with allowed return codes [0] (capture=True)
Running command ['udevadm', 'info', '--query=property', '--export', '/dev/sda'] with allowed return codes [0] (capture=True)
/dev/sda is multipath device? False
Running command ['blockdev', '--rereadpt', '/dev/sda'] with allowed return codes [0] (capture=True)
Running command ['udevadm', 'settle'] with allowed return codes [0] (capture=False)
TIMED udevadm_settle(): 0.115
TIMED udevadm_settle(exists='/dev/sda3'): 0.000
finish: cmd-install/stage-partitioning/builtin/cmd-block-meta: SUCCESS: configuring partition: partition-2
start: cmd-install/stage-partitioning/builtin/cmd-block-meta: configuring format: format-1
get_path_to_storage_volume for volume partition-2({'device': 'disk-sda', 'size': 49388978176, 'wipe': 'superblock', 'number': 3, 'preserve': False, 'grub_device': False, 'offset': 4297064448, 'type': 'partition', 'id': 'partition-2'})
get_path_to_storage_volume for volume disk-sda({'ptable': 'gpt', 'path': '/dev/sda', 'wipe': 'superblock-recursive', 'preserve': False, 'name': '', 'grub_device': True, 'type': 'disk', 'id': 'disk-sda'})
Running command ['udevadm', 'info', '--query=property', '--export', '/dev/sda'] with allowed return codes [0] (capture=True)
/dev/sda is multipath device member? False
Running command ['partprobe', '/dev/sda'] with allowed return codes [0, 1] (capture=False)
Running command ['udevadm', 'settle'] with allowed return codes [0] (capture=False)
TIMED udevadm_settle(): 0.084
devsync happy - path /dev/sda now exists
return volume path /dev/sda
Running command ['partprobe', '/dev/sda'] with allowed return codes [0, 1] (capture=False)
Running command ['udevadm', 'settle'] with allowed return codes [0] (capture=False)
TIMED udevadm_settle(): 0.075
devsync happy - path /dev/sda now exists
return volume path /dev/sda3
mkfs /dev/sda3 info: {'fstype': 'ext4', 'volume': 'partition-2', 'preserve': False, 'type': 'format', 'id': 'format-1'}
Running command ['lsblk', '--noheadings', '--bytes', '--pairs', '--output=ALIGNMENT,DISC-ALN,DISC-GRAN,DISC-MAX,DISC-ZERO,FSTYPE,GROUP,KNAME,LABEL,LOG-SEC,MAJ:MIN,MIN-IO,MODE,MODEL,MOUNTPOINT,NAME,OPT-IO,OWNER,PHY-SEC,RM,RO,ROTA,RQ-SIZE,SIZE,STATE,TYPE,UUID', '/dev/sda3'] with allowed return codes [0] (capture=True)
get_blockdev_sector_size: info:
{
 "sda3": {
  "ALIGNMENT": "0",
  "DISC-ALN": "0",
  "DISC-GRAN": "0",
  "DISC-MAX": "0",
  "DISC-ZERO": "0",
  "FSTYPE": "",
  "GROUP": "disk",
  "KNAME": "sda3",
  "LABEL": "",
  "LOG-SEC": "512",
  "MAJ:MIN": "8:3",
  "MIN-IO": "512",
  "MODE": "brw-rw----",
  "MODEL": "",
  "MOUNTPOINT": "",
  "NAME": "sda3",
  "OPT-IO": "0",
  "OWNER": "root",
  "PHY-SEC": "512",
  "RM": "0",
  "RO": "0",
  "ROTA": "1",
  "RQ-SIZE": "254",
  "SIZE": "49388978176",
  "STATE": "",
  "TYPE": "part",
  "UUID": "",
  "device_path": "/dev/sda3"
 }
}
get_blockdev_sector_size: (log=512, phys=512)
Running command ['mkfs.ext4', '-F', '-U', '3e430971-cf74-4774-a808-b00c7e59e232', '/dev/sda3'] with allowed return codes [0] (capture=True)
Formated device type: partition
finish: cmd-install/stage-partitioning/builtin/cmd-block-meta: SUCCESS: configuring format: format-1
start: cmd-install/stage-partitioning/builtin/cmd-block-meta: configuring mount: mount-1
get_path_to_storage_volume for volume partition-2({'device': 'disk-sda', 'size': 49388978176, 'wipe': 'superblock', 'number': 3, 'preserve': False, 'grub_device': False, 'offset': 4297064448, 'type': 'partition', 'id': 'partition-2'})
get_path_to_storage_volume for volume disk-sda({'ptable': 'gpt', 'path': '/dev/sda', 'wipe': 'superblock-recursive', 'preserve': False, 'name': '', 'grub_device': True, 'type': 'disk', 'id': 'disk-sda'})
Running command ['udevadm', 'info', '--query=property', '--export', '/dev/sda'] with allowed return codes [0] (capture=True)
/dev/sda is multipath device member? False
Running command ['partprobe', '/dev/sda'] with allowed return codes [0, 1] (capture=False)
Running command ['udevadm', 'settle'] with allowed return codes [0] (capture=False)
TIMED udevadm_settle(): 0.075
devsync happy - path /dev/sda now exists
return volume path /dev/sda
Running command ['partprobe', '/dev/sda'] with allowed return codes [0, 1] (capture=False)
Running command ['udevadm', 'settle'] with allowed return codes [0] (capture=False)
TIMED udevadm_settle(): 0.067
devsync happy - path /dev/sda now exists
return volume path /dev/sda3
volume_path=/dev/sda3 found slaves: ['sda3']
kname_is_iscsi: no iscsi disk found for kname sda3
kname_is_iscsi: no iscsi disk found for kname sda3
Running command ['mount', '-t', 'ext4', '-o', 'defaults', '/dev/sda3', '/target/'] with allowed return codes [0] (capture=True)
Running command ['udevadm', 'info', '--query=property', '--export', '/dev/sda3'] with allowed return codes [0] (capture=True)
Running command ['lsblk', '--noheadings', '--bytes', '--pairs', '--output=ALIGNMENT,DISC-ALN,DISC-GRAN,DISC-MAX,DISC-ZERO,FSTYPE,GROUP,KNAME,LABEL,LOG-SEC,MAJ:MIN,MIN-IO,MODE,MODEL,MOUNTPOINT,NAME,OPT-IO,OWNER,PHY-SEC,RM,RO,ROTA,RQ-SIZE,SIZE,STATE,TYPE,UUID', '/dev/sda3'] with allowed return codes [0] (capture=True)
volspec: path=/dev/sda3 type=part
info[DEVLINKS] = ['/dev/disk/by-partuuid/c790ac06-79a1-49de-904a-0aaf425e0071', '/dev/disk/by-uuid/3e430971-cf74-4774-a808-b00c7e59e232', '/dev/disk/by-path/pci-0000:00:10.0-scsi-0:0:0:0-part3']
finish: cmd-install/stage-partitioning/builtin/cmd-block-meta: SUCCESS: configuring mount: mount-1
TIMED BLOCK_META: 6.076
finish: cmd-install/stage-partitioning/builtin/cmd-block-meta: SUCCESS: curtin command block-meta
curtin: Installation finished.

---- [[ subiquity step extract ]] ----
curtin: Installation started. (22.1-43-g9e9f66e83)
start: cmd-install/stage-extract/builtin/cmd-extract: curtin command extract
Installing sources: [{'type': 'tgz', 'uri': 'cp:///tmp/tmpn0bovrwj/mount'}] to target at /target
start: cmd-install/stage-extract/builtin/cmd-extract: acquiring and extracting image from cp:///tmp/tmpn0bovrwj/mount
Running command ['sh', '-c', 'mkdir -p "$2" && cd "$2" && rsync -aXHAS --one-file-system "$1/" .', '--', '/tmp/tmpn0bovrwj/mount', '/target'] with allowed return codes [0] (capture=False)
finish: cmd-install/stage-extract/builtin/cmd-extract: SUCCESS: acquiring and extracting image from cp:///tmp/tmpn0bovrwj/mount
Applying write_files from config.
finish: cmd-install/stage-extract/builtin/cmd-extract: SUCCESS: curtin command extract
curtin: Installation finished.

---- [[ subiquity step curthooks ]] ----
curtin: Installation started. (22.1-43-g9e9f66e83)
start: cmd-install/stage-curthooks/002-setupcon-save-only/cmd-in-target: curtin command in-target
Running command ['mount', '--bind', '/dev', '/target/dev'] with allowed return codes [0] (capture=False)
Running command ['mount', '--bind', '/proc', '/target/proc'] with allowed return codes [0] (capture=False)
Running command ['mount', '--bind', '/run', '/target/run'] with allowed return codes [0] (capture=False)
Running command ['mount', '--bind', '/sys', '/target/sys'] with allowed return codes [0] (capture=False)
Running command ['unshare', '--help'] with allowed return codes [0] (capture=True)
Running command ['unshare', '--fork', '--pid', '--', 'chroot', '/target', 'setupcon', '--save-only'] with allowed return codes [0] (capture=False)
Running command ['udevadm', 'settle'] with allowed return codes [0] (capture=False)
TIMED subp(['udevadm', 'settle']): 0.010
Running command ['mount', '--make-private', '/target/sys'] with allowed return codes [0] (capture=False)
Running command ['umount', '/target/sys'] with allowed return codes [0] (capture=False)
Running command ['mount', '--make-private', '/target/run'] with allowed return codes [0] (capture=False)
Running command ['umount', '/target/run'] with allowed return codes [0] (capture=False)
Running command ['mount', '--make-private', '/target/proc'] with allowed return codes [0] (capture=False)
Running command ['umount', '/target/proc'] with allowed return codes [0] (capture=False)
Running command ['mount', '--make-private', '/target/dev'] with allowed return codes [0] (capture=False)
Running command ['umount', '/target/dev'] with allowed return codes [0] (capture=False)
finish: cmd-install/stage-curthooks/002-setupcon-save-only/cmd-in-target: SUCCESS: curtin command in-target
start: cmd-install/stage-curthooks/builtin/cmd-curthooks: curtin command curthooks
Running curtin builtin curthooks
Configuring target system for distro: ubuntu osfamily: debian
start: cmd-install/stage-curthooks/builtin/cmd-curthooks/writing-apt-config: configuring apt configuring apt
No apt config provided, skipping
Running command ['mount', '--bind', '/dev', '/target/dev'] with allowed return codes [0] (capture=False)
Running command ['mount', '--bind', '/proc', '/target/proc'] with allowed return codes [0] (capture=False)
Running command ['mount', '--bind', '/run', '/target/run'] with allowed return codes [0] (capture=False)
Running command ['mount', '--bind', '/sys', '/target/sys'] with allowed return codes [0] (capture=False)
Diverting original update-initramfs in target.
Running command ['unshare', '--help'] with allowed return codes [0] (capture=True)
Running command ['unshare', '--fork', '--pid', '--', 'chroot', '/target', 'dpkg-divert', '--add', '--rename', '--divert', '/usr/sbin/update-initramfs.curtin-disabled', '/usr/sbin/update-initramfs'] with allowed return codes [0] (capture=False)
Adding 'local diversion of /usr/sbin/update-initramfs to /usr/sbin/update-initramfs.curtin-disabled'
Running command ['udevadm', 'settle'] with allowed return codes [0] (capture=False)
TIMED subp(['udevadm', 'settle']): 0.016
Running command ['mount', '--make-private', '/target/sys'] with allowed return codes [0] (capture=False)
Running command ['umount', '/target/sys'] with allowed return codes [0] (capture=False)
Running command ['mount', '--make-private', '/target/run'] with allowed return codes [0] (capture=False)
Running command ['umount', '/target/run'] with allowed return codes [0] (capture=False)
Running command ['mount', '--make-private', '/target/proc'] with allowed return codes [0] (capture=False)
Running command ['umount', '/target/proc'] with allowed return codes [0] (capture=False)
Running command ['mount', '--make-private', '/target/dev'] with allowed return codes [0] (capture=False)
Running command ['umount', '/target/dev'] with allowed return codes [0] (capture=False)
finish: cmd-install/stage-curthooks/builtin/cmd-curthooks/writing-apt-config: SUCCESS: configuring apt configuring apt
Running command ['unshare', '--fork', '--pid', '--', 'chroot', '/target', 'lsb_release', '--all'] with allowed return codes [0] (capture=True)
start: cmd-install/stage-curthooks/builtin/cmd-curthooks/installing-missing-packages: installing missing packages
Running command ['unshare', '--fork', '--pid', '--', 'chroot', '/target', 'dpkg-query', '--list'] with allowed return codes [0] (capture=True)
Curtin config dependencies requires additional packages: ['e2fsprogs']
Skipping install of {'vlan', 'bridge-utils', 'ifenslave'}.  Not needed on netplan system.
finish: cmd-install/stage-curthooks/builtin/cmd-curthooks/installing-missing-packages: SUCCESS: installing missing packages
start: cmd-install/stage-curthooks/builtin/cmd-curthooks/configuring-iscsi-service: configuring iscsi service
finish: cmd-install/stage-curthooks/builtin/cmd-curthooks/configuring-iscsi-service: SUCCESS: configuring iscsi service
start: cmd-install/stage-curthooks/builtin/cmd-curthooks/configuring-mdadm-service: configuring raid (mdadm) service
finish: cmd-install/stage-curthooks/builtin/cmd-curthooks/configuring-mdadm-service: SUCCESS: configuring raid (mdadm) service
start: cmd-install/stage-curthooks/builtin/cmd-curthooks/installing-kernel: installing kernel
Running command ['unshare', '--fork', '--pid', '--', 'chroot', '/target', 'lsb_release', '--all'] with allowed return codes [0] (capture=True)
Running command ['dpkg', '--print-architecture'] with allowed return codes [0] (capture=True)
Running command ['mount', '--bind', '/dev', '/target/dev'] with allowed return codes [0] (capture=False)
Running command ['mount', '--bind', '/proc', '/target/proc'] with allowed return codes [0] (capture=False)
Running command ['mount', '--bind', '/run', '/target/run'] with allowed return codes [0] (capture=False)
Running command ['mount', '--bind', '/sys', '/target/sys'] with allowed return codes [0] (capture=False)
Running command ['unshare', '--fork', '--pid', '--', 'chroot', '/target', 'apt-get', '--quiet', '--option=Acquire::Languages=none', '--option=Dir::Etc::sourcelist=/tmp/tmp4fiwjc17/sources.list', '--option=Dir::Etc::sourceparts=/tmp/tmp4fiwjc17/sources.list.d', 'update'] with allowed return codes [0] (capture=False)
Get:1 file:/cdrom kinetic InRelease
Ign:1 file:/cdrom kinetic InRelease
Get:2 file:/cdrom kinetic Release [1492 B]
Get:2 file:/cdrom kinetic Release [1492 B]
Hit:4 http://kr.archive.ubuntu.com/ubuntu kinetic InRelease
Hit:5 http://kr.archive.ubuntu.com/ubuntu kinetic-updates InRelease
Hit:6 http://kr.archive.ubuntu.com/ubuntu kinetic-backports InRelease
Hit:7 http://kr.archive.ubuntu.com/ubuntu kinetic-security InRelease
Reading package lists...
Running command ['udevadm', 'settle'] with allowed return codes [0] (capture=False)
TIMED subp(['udevadm', 'settle']): 0.009
Running command ['mount', '--make-private', '/target/sys'] with allowed return codes [0] (capture=False)
Running command ['umount', '/target/sys'] with allowed return codes [0] (capture=False)
Running command ['mount', '--make-private', '/target/run'] with allowed return codes [0] (capture=False)
Running command ['umount', '/target/run'] with allowed return codes [0] (capture=False)
Running command ['mount', '--make-private', '/target/proc'] with allowed return codes [0] (capture=False)
Running command ['umount', '/target/proc'] with allowed return codes [0] (capture=False)
Running command ['mount', '--make-private', '/target/dev'] with allowed return codes [0] (capture=False)
Running command ['umount', '/target/dev'] with allowed return codes [0] (capture=False)
Running command ['mount', '--bind', '/dev', '/target/dev'] with allowed return codes [0] (capture=False)
Running command ['mount', '--bind', '/proc', '/target/proc'] with allowed return codes [0] (capture=False)
Running command ['mount', '--bind', '/run', '/target/run'] with allowed return codes [0] (capture=False)
Running command ['mount', '--bind', '/sys', '/target/sys'] with allowed return codes [0] (capture=False)
Running command ['unshare', '--fork', '--pid', '--', 'chroot', '/target', 'apt-get', '--quiet', '--assume-yes', '--option=Dpkg::options::=--force-unsafe-io', '--option=Dpkg::Options::=--force-confold', 'install', '--download-only', 'linux-generic'] with allowed return codes [0] (capture=False)
Reading package lists...
Building dependency tree...
Reading state information...
The following additional packages will be installed:
  amd64-microcode firmware-sof-signed grub-common grub-gfxpayload-lists
  grub-pc grub-pc-bin grub2-common intel-microcode iucode-tool
  libdbus-glib-1-2 libefiboot1 libefivar1 libevdev2 libfreetype6
  libgudev-1.0-0 libupower-glib3 linux-firmware linux-headers-5.19.0-46
  linux-headers-5.19.0-46-generic linux-headers-generic
  linux-image-5.19.0-46-generic linux-image-generic
  linux-modules-5.19.0-46-generic linux-modules-extra-5.19.0-46-generic
  os-prober thermald upower wireless-regdb
Suggested packages:
  multiboot-doc grub-emu mtools xorriso desktop-base fdutils linux-doc
  | linux-source-5.19.0 linux-tools
The following NEW packages will be installed:
  amd64-microcode firmware-sof-signed grub-common grub-gfxpayload-lists
  grub-pc grub-pc-bin grub2-common intel-microcode iucode-tool
  libdbus-glib-1-2 libefiboot1 libefivar1 libevdev2 libfreetype6
  libgudev-1.0-0 libupower-glib3 linux-firmware linux-generic
  linux-headers-5.19.0-46 linux-headers-5.19.0-46-generic
  linux-headers-generic linux-image-5.19.0-46-generic linux-image-generic
  linux-modules-5.19.0-46-generic linux-modules-extra-5.19.0-46-generic
  os-prober thermald upower wireless-regdb
0 upgraded, 29 newly installed, 0 to remove and 102 not upgraded.
Need to get 402 MB/403 MB of archives.
After this operation, 1751 MB of additional disk space will be used.
Get:1 file:/cdrom kinetic/main amd64 libefivar1 amd64 37-6ubuntu2 [51.0 kB]
Get:2 file:/cdrom kinetic/main amd64 libefiboot1 amd64 37-6ubuntu2 [42.8 kB]
Get:3 file:/cdrom kinetic/main amd64 grub-gfxpayload-lists amd64 0.7 [3658 B]
Get:4 file:/cdrom kinetic/main amd64 iucode-tool amd64 2.3.1-1build1 [46.9 kB]
Get:5 file:/cdrom kinetic/main amd64 libdbus-glib-1-2 amd64 0.112-2build1 [65.4 kB]
Get:6 file:/cdrom kinetic/main amd64 libgudev-1.0-0 amd64 1:237-2build1 [16.3 kB]
Get:7 file:/cdrom kinetic/main amd64 libupower-glib3 amd64 0.99.20-1 [38.2 kB]
Get:8 file:/cdrom kinetic/main amd64 wireless-regdb all 2022.06.06-0ubuntu1 [10.3 kB]
Get:9 file:/cdrom kinetic/main amd64 amd64-microcode amd64 3.20220411.1ubuntu3 [120 kB]
Get:10 file:/cdrom kinetic/main amd64 os-prober amd64 1.81ubuntu1 [19.7 kB]
Get:11 file:/cdrom kinetic/main amd64 libevdev2 amd64 1.13.0+dfsg-1 [36.9 kB]
Get:12 file:/cdrom kinetic/main amd64 upower amd64 0.99.20-1 [79.0 kB]
Get:13 http://kr.archive.ubuntu.com/ubuntu kinetic-updates/main amd64 firmware-sof-signed all 2.1.1-1ubuntu1.1 [839 kB]
Get:14 http://kr.archive.ubuntu.com/ubuntu kinetic-updates/main amd64 libfreetype6 amd64 2.12.1+dfsg-3ubuntu0.1 [390 kB]
Get:15 http://kr.archive.ubuntu.com/ubuntu kinetic-updates/main amd64 grub-common amd64 2.06-2ubuntu12.1 [2129 kB]
Get:16 http://kr.archive.ubuntu.com/ubuntu kinetic-updates/main amd64 grub2-common amd64 2.06-2ubuntu12.1 [644 kB]
Get:17 http://kr.archive.ubuntu.com/ubuntu kinetic-updates/main amd64 grub-pc-bin amd64 2.06-2ubuntu12.1 [1077 kB]
Get:18 http://kr.archive.ubuntu.com/ubuntu kinetic-updates/main amd64 grub-pc amd64 2.06-2ubuntu12.1 [131 kB]
Get:19 http://kr.archive.ubuntu.com/ubuntu kinetic-updates/main amd64 linux-firmware all 20220923.gitf09bebf3-0ubuntu1.7 [269 MB]
Get:20 http://kr.archive.ubuntu.com/ubuntu kinetic-updates/main amd64 linux-modules-5.19.0-46-generic amd64 5.19.0-46.47 [24.0 MB]
Get:21 http://kr.archive.ubuntu.com/ubuntu kinetic-updates/main amd64 linux-image-5.19.0-46-generic amd64 5.19.0-46.47 [12.0 MB]
Get:22 http://kr.archive.ubuntu.com/ubuntu kinetic-updates/main amd64 linux-modules-extra-5.19.0-46-generic amd64 5.19.0-46.47 [69.6 MB]
Get:23 http://kr.archive.ubuntu.com/ubuntu kinetic-updates/main amd64 intel-microcode amd64 3.20230214.0ubuntu0.22.10.1 [5822 kB]
Get:24 http://kr.archive.ubuntu.com/ubuntu kinetic-updates/main amd64 linux-image-generic amd64 5.19.0.46.42 [2482 B]
Get:25 http://kr.archive.ubuntu.com/ubuntu kinetic-updates/main amd64 linux-headers-5.19.0-46 all 5.19.0-46.47 [12.7 MB]
Get:26 http://kr.archive.ubuntu.com/ubuntu kinetic-updates/main amd64 linux-headers-5.19.0-46-generic amd64 5.19.0-46.47 [3322 kB]
Get:27 http://kr.archive.ubuntu.com/ubuntu kinetic-updates/main amd64 linux-headers-generic amd64 5.19.0.46.42 [2336 B]
Get:28 http://kr.archive.ubuntu.com/ubuntu kinetic-updates/main amd64 linux-generic amd64 5.19.0.46.42 [1692 B]
Get:29 http://kr.archive.ubuntu.com/ubuntu kinetic-updates/main amd64 thermald amd64 2.5.1-1ubuntu1 [216 kB]
Fetched 402 MB in 48s (8410 kB/s)
Download complete and in download only mode
Running command ['unshare', '--fork', '--pid', '--', 'chroot', '/target', 'apt-get', '--quiet', '--assume-yes', '--option=Dpkg::options::=--force-unsafe-io', '--option=Dpkg::Options::=--force-confold', 'install', 'linux-generic'] with allowed return codes [0] (capture=False)
Reading package lists...
Building dependency tree...
Reading state information...
The following additional packages will be installed:
  amd64-microcode firmware-sof-signed grub-common grub-gfxpayload-lists
  grub-pc grub-pc-bin grub2-common intel-microcode iucode-tool
  libdbus-glib-1-2 libefiboot1 libefivar1 libevdev2 libfreetype6
  libgudev-1.0-0 libupower-glib3 linux-firmware linux-headers-5.19.0-46
  linux-headers-5.19.0-46-generic linux-headers-generic
  linux-image-5.19.0-46-generic linux-image-generic
  linux-modules-5.19.0-46-generic linux-modules-extra-5.19.0-46-generic
  os-prober thermald upower wireless-regdb
Suggested packages:
  multiboot-doc grub-emu mtools xorriso desktop-base fdutils linux-doc
  | linux-source-5.19.0 linux-tools
The following NEW packages will be installed:
  amd64-microcode firmware-sof-signed grub-common grub-gfxpayload-lists
  grub-pc grub-pc-bin grub2-common intel-microcode iucode-tool
  libdbus-glib-1-2 libefiboot1 libefivar1 libevdev2 libfreetype6
  libgudev-1.0-0 libupower-glib3 linux-firmware linux-generic
  linux-headers-5.19.0-46 linux-headers-5.19.0-46-generic
  linux-headers-generic linux-image-5.19.0-46-generic linux-image-generic
  linux-modules-5.19.0-46-generic linux-modules-extra-5.19.0-46-generic
  os-prober thermald upower wireless-regdb
0 upgraded, 29 newly installed, 0 to remove and 102 not upgraded.
Need to get 0 B/403 MB of archives.
After this operation, 1751 MB of additional disk space will be used.
Get:1 file:/cdrom kinetic/main amd64 libefivar1 amd64 37-6ubuntu2 [51.0 kB]
Get:2 file:/cdrom kinetic/main amd64 libefiboot1 amd64 37-6ubuntu2 [42.8 kB]
Get:3 file:/cdrom kinetic/main amd64 grub-gfxpayload-lists amd64 0.7 [3658 B]
Get:4 file:/cdrom kinetic/main amd64 iucode-tool amd64 2.3.1-1build1 [46.9 kB]
Get:5 file:/cdrom kinetic/main amd64 libdbus-glib-1-2 amd64 0.112-2build1 [65.4 kB]
Get:6 file:/cdrom kinetic/main amd64 libgudev-1.0-0 amd64 1:237-2build1 [16.3 kB]
Get:7 file:/cdrom kinetic/main amd64 libupower-glib3 amd64 0.99.20-1 [38.2 kB]
Get:8 file:/cdrom kinetic/main amd64 wireless-regdb all 2022.06.06-0ubuntu1 [10.3 kB]
Get:9 file:/cdrom kinetic/main amd64 amd64-microcode amd64 3.20220411.1ubuntu3 [120 kB]
Get:10 file:/cdrom kinetic/main amd64 os-prober amd64 1.81ubuntu1 [19.7 kB]
Get:11 file:/cdrom kinetic/main amd64 libevdev2 amd64 1.13.0+dfsg-1 [36.9 kB]
Get:12 file:/cdrom kinetic/main amd64 upower amd64 0.99.20-1 [79.0 kB]
debconf: delaying package configuration, since apt-utils is not installed
E: Can not write log (Is /dev/pts mounted?) - posix_openpt (19: No such device)
Selecting previously unselected package firmware-sof-signed.
(Reading database ... 23934 files and directories currently installed.)
Preparing to unpack .../00-firmware-sof-signed_2.1.1-1ubuntu1.1_all.deb ...
Unpacking firmware-sof-signed (2.1.1-1ubuntu1.1) ...
Selecting previously unselected package libefivar1:amd64.
Preparing to unpack .../01-libefivar1_37-6ubuntu2_amd64.deb ...
Unpacking libefivar1:amd64 (37-6ubuntu2) ...
Selecting previously unselected package libefiboot1:amd64.
Preparing to unpack .../02-libefiboot1_37-6ubuntu2_amd64.deb ...
Unpacking libefiboot1:amd64 (37-6ubuntu2) ...
Selecting previously unselected package libfreetype6:amd64.
Preparing to unpack .../03-libfreetype6_2.12.1+dfsg-3ubuntu0.1_amd64.deb ...
Unpacking libfreetype6:amd64 (2.12.1+dfsg-3ubuntu0.1) ...
Selecting previously unselected package grub-common.
Preparing to unpack .../04-grub-common_2.06-2ubuntu12.1_amd64.deb ...
Unpacking grub-common (2.06-2ubuntu12.1) ...
Selecting previously unselected package grub2-common.
Preparing to unpack .../05-grub2-common_2.06-2ubuntu12.1_amd64.deb ...
Unpacking grub2-common (2.06-2ubuntu12.1) ...
Selecting previously unselected package grub-pc-bin.
Preparing to unpack .../06-grub-pc-bin_2.06-2ubuntu12.1_amd64.deb ...
Unpacking grub-pc-bin (2.06-2ubuntu12.1) ...
Selecting previously unselected package grub-pc.
Preparing to unpack .../07-grub-pc_2.06-2ubuntu12.1_amd64.deb ...
Unpacking grub-pc (2.06-2ubuntu12.1) ...
Selecting previously unselected package grub-gfxpayload-lists.
Preparing to unpack .../08-grub-gfxpayload-lists_0.7_amd64.deb ...
Unpacking grub-gfxpayload-lists (0.7) ...
Selecting previously unselected package iucode-tool.
Preparing to unpack .../09-iucode-tool_2.3.1-1build1_amd64.deb ...
Unpacking iucode-tool (2.3.1-1build1) ...
Selecting previously unselected package libdbus-glib-1-2:amd64.
Preparing to unpack .../10-libdbus-glib-1-2_0.112-2build1_amd64.deb ...
Unpacking libdbus-glib-1-2:amd64 (0.112-2build1) ...
Selecting previously unselected package libgudev-1.0-0:amd64.
Preparing to unpack .../11-libgudev-1.0-0_237-2build1_amd64.deb ...
Unpacking libgudev-1.0-0:amd64 (1:237-2build1) ...
Selecting previously unselected package libupower-glib3:amd64.
Preparing to unpack .../12-libupower-glib3_0.99.20-1_amd64.deb ...
Unpacking libupower-glib3:amd64 (0.99.20-1) ...
Selecting previously unselected package linux-firmware.
Preparing to unpack .../13-linux-firmware_20220923.gitf09bebf3-0ubuntu1.7_all.deb ...
Unpacking linux-firmware (20220923.gitf09bebf3-0ubuntu1.7) ...
Selecting previously unselected package linux-modules-5.19.0-46-generic.
Preparing to unpack .../14-linux-modules-5.19.0-46-generic_5.19.0-46.47_amd64.deb ...
Unpacking linux-modules-5.19.0-46-generic (5.19.0-46.47) ...
Selecting previously unselected package linux-image-5.19.0-46-generic.
Preparing to unpack .../15-linux-image-5.19.0-46-generic_5.19.0-46.47_amd64.deb ...
Unpacking linux-image-5.19.0-46-generic (5.19.0-46.47) ...
Selecting previously unselected package wireless-regdb.
Preparing to unpack .../16-wireless-regdb_2022.06.06-0ubuntu1_all.deb ...
Unpacking wireless-regdb (2022.06.06-0ubuntu1) ...
Selecting previously unselected package linux-modules-extra-5.19.0-46-generic.
Preparing to unpack .../17-linux-modules-extra-5.19.0-46-generic_5.19.0-46.47_amd64.deb ...
Unpacking linux-modules-extra-5.19.0-46-generic (5.19.0-46.47) ...
Selecting previously unselected package intel-microcode.
Preparing to unpack .../18-intel-microcode_3.20230214.0ubuntu0.22.10.1_amd64.deb ...
Unpacking intel-microcode (3.20230214.0ubuntu0.22.10.1) ...
Selecting previously unselected package amd64-microcode.
Preparing to unpack .../19-amd64-microcode_3.20220411.1ubuntu3_amd64.deb ...
Unpacking amd64-microcode (3.20220411.1ubuntu3) ...
Selecting previously unselected package linux-image-generic.
Preparing to unpack .../20-linux-image-generic_5.19.0.46.42_amd64.deb ...
Unpacking linux-image-generic (5.19.0.46.42) ...
Selecting previously unselected package linux-headers-5.19.0-46.
Preparing to unpack .../21-linux-headers-5.19.0-46_5.19.0-46.47_all.deb ...
Unpacking linux-headers-5.19.0-46 (5.19.0-46.47) ...
Selecting previously unselected package linux-headers-5.19.0-46-generic.
Preparing to unpack .../22-linux-headers-5.19.0-46-generic_5.19.0-46.47_amd64.deb ...
Unpacking linux-headers-5.19.0-46-generic (5.19.0-46.47) ...
Selecting previously unselected package linux-headers-generic.
Preparing to unpack .../23-linux-headers-generic_5.19.0.46.42_amd64.deb ...
Unpacking linux-headers-generic (5.19.0.46.42) ...
Selecting previously unselected package linux-generic.
Preparing to unpack .../24-linux-generic_5.19.0.46.42_amd64.deb ...
Unpacking linux-generic (5.19.0.46.42) ...
Selecting previously unselected package os-prober.
Preparing to unpack .../25-os-prober_1.81ubuntu1_amd64.deb ...
Unpacking os-prober (1.81ubuntu1) ...
Selecting previously unselected package libevdev2:amd64.
Preparing to unpack .../26-libevdev2_1.13.0+dfsg-1_amd64.deb ...
Unpacking libevdev2:amd64 (1.13.0+dfsg-1) ...
Selecting previously unselected package thermald.
Preparing to unpack .../27-thermald_2.5.1-1ubuntu1_amd64.deb ...
Unpacking thermald (2.5.1-1ubuntu1) ...
Selecting previously unselected package upower.
Preparing to unpack .../28-upower_0.99.20-1_amd64.deb ...
Unpacking upower (0.99.20-1) ...
Setting up iucode-tool (2.3.1-1build1) ...
Setting up linux-firmware (20220923.gitf09bebf3-0ubuntu1.7) ...
Setting up intel-microcode (3.20230214.0ubuntu0.22.10.1) ...
intel-microcode: microcode will be updated at next boot
Setting up firmware-sof-signed (2.1.1-1ubuntu1.1) ...
Setting up wireless-regdb (2022.06.06-0ubuntu1) ...
Setting up amd64-microcode (3.20220411.1ubuntu3) ...
amd64-microcode: microcode will be updated at next boot
Setting up libfreetype6:amd64 (2.12.1+dfsg-3ubuntu0.1) ...
Setting up libdbus-glib-1-2:amd64 (0.112-2build1) ...
Setting up linux-modules-5.19.0-46-generic (5.19.0-46.47) ...
Setting up linux-headers-5.19.0-46 (5.19.0-46.47) ...
Setting up libupower-glib3:amd64 (0.99.20-1) ...
Setting up libefivar1:amd64 (37-6ubuntu2) ...
Setting up linux-image-5.19.0-46-generic (5.19.0-46.47) ...
I: /boot/vmlinuz.old is now a symlink to vmlinuz-5.19.0-46-generic
I: /boot/initrd.img.old is now a symlink to initrd.img-5.19.0-46-generic
I: /boot/vmlinuz is now a symlink to vmlinuz-5.19.0-46-generic
I: /boot/initrd.img is now a symlink to initrd.img-5.19.0-46-generic
Setting up libevdev2:amd64 (1.13.0+dfsg-1) ...
Setting up libgudev-1.0-0:amd64 (1:237-2build1) ...
Setting up linux-modules-extra-5.19.0-46-generic (5.19.0-46.47) ...
Setting up upower (0.99.20-1) ...
Running in chroot, ignoring command 'daemon-reload'
/usr/sbin/policy-rc.d returned 101, not running 'start upower.service'
Setting up libefiboot1:amd64 (37-6ubuntu2) ...
Setting up grub-common (2.06-2ubuntu12.1) ...
Created symlink /etc/systemd/system/multi-user.target.wants/grub-common.service  /lib/systemd/system/grub-common.service.
Created symlink /etc/systemd/system/sleep.target.wants/grub-common.service  /lib/systemd/system/grub-common.service.
Created symlink /etc/systemd/system/multi-user.target.wants/grub-initrd-fallback.service  /lib/systemd/system/grub-initrd-fallback.service.
Created symlink /etc/systemd/system/rescue.target.wants/grub-initrd-fallback.service  /lib/systemd/system/grub-initrd-fallback.service.
Created symlink /etc/systemd/system/emergency.target.wants/grub-initrd-fallback.service  /lib/systemd/system/grub-initrd-fallback.service.
Created symlink /etc/systemd/system/sleep.target.wants/grub-initrd-fallback.service  /lib/systemd/system/grub-initrd-fallback.service.
Running in chroot, ignoring command 'daemon-reload'
/usr/sbin/policy-rc.d returned 101, not running 'start grub-initrd-fallback.service'
update-rc.d: warning: start and stop actions are no longer supported; falling back to defaults
Running in chroot, ignoring command 'daemon-reload'
Running in chroot, ignoring request.
invoke-rc.d: policy-rc.d denied execution of start.
Setting up os-prober (1.81ubuntu1) ...
Setting up linux-headers-5.19.0-46-generic (5.19.0-46.47) ...
Setting up thermald (2.5.1-1ubuntu1) ...
Created symlink /etc/systemd/system/dbus-org.freedesktop.thermald.service  /lib/systemd/system/thermald.service.
Created symlink /etc/systemd/system/multi-user.target.wants/thermald.service  /lib/systemd/system/thermald.service.
Running in chroot, ignoring command 'daemon-reload'
/usr/sbin/policy-rc.d returned 101, not running 'start thermald.service'
Setting up linux-image-generic (5.19.0.46.42) ...
Setting up grub2-common (2.06-2ubuntu12.1) ...
Setting up linux-headers-generic (5.19.0.46.42) ...
Setting up grub-pc-bin (2.06-2ubuntu12.1) ...
Setting up linux-generic (5.19.0.46.42) ...
Setting up grub-pc (2.06-2ubuntu12.1) ...
debconf: unable to initialize frontend: Dialog
debconf: (TERM is not set, so the dialog frontend is not usable.)
debconf: falling back to frontend: Readline
debconf: unable to initialize frontend: Readline
debconf: (This frontend requires a controlling tty.)
debconf: falling back to frontend: Teletype

Creating config file /etc/default/grub with new version
Setting up grub-gfxpayload-lists (0.7) ...
Processing triggers for dbus (1.14.0-2ubuntu2) ...
Processing triggers for udev (251.4-1ubuntu7) ...
Processing triggers for libc-bin (2.36-0ubuntu4) ...
Processing triggers for linux-image-5.19.0-46-generic (5.19.0-46.47) ...

Pending kernel upgrade!

Running kernel version:
  5.19.0-21-generic

Diagnostics:
  The currently running kernel version is not the expected kernel version 5.19.0-46-generic.

Restarting the system to load the new kernel will not be handled automatically, so you should consider rebooting. [Return]

The processor microcode seems to be up-to-date.

No services need to be restarted.

No containers need to be restarted.

No user sessions are running outdated binaries.

No VM guests are running outdated hypervisor (qemu) binaries on this host.
Running command ['udevadm', 'settle'] with allowed return codes [0] (capture=False)
TIMED subp(['udevadm', 'settle']): 0.011
Running command ['mount', '--make-private', '/target/sys'] with allowed return codes [0] (capture=False)
Running command ['umount', '/target/sys'] with allowed return codes [0] (capture=False)
Running command ['mount', '--make-private', '/target/run'] with allowed return codes [0] (capture=False)
Running command ['umount', '/target/run'] with allowed return codes [0] (capture=False)
Running command ['mount', '--make-private', '/target/proc'] with allowed return codes [0] (capture=False)
Running command ['umount', '/target/proc'] with allowed return codes [0] (capture=False)
Running command ['mount', '--make-private', '/target/dev'] with allowed return codes [0] (capture=False)
Running command ['umount', '/target/dev'] with allowed return codes [0] (capture=False)
Running command ['mount', '--bind', '/dev', '/target/dev'] with allowed return codes [0] (capture=False)
Running command ['mount', '--bind', '/proc', '/target/proc'] with allowed return codes [0] (capture=False)
Running command ['mount', '--bind', '/run', '/target/run'] with allowed return codes [0] (capture=False)
Running command ['mount', '--bind', '/sys', '/target/sys'] with allowed return codes [0] (capture=False)
Running command ['unshare', '--fork', '--pid', '--', 'chroot', '/target', 'apt-get', 'clean'] with allowed return codes [0] (capture=False)
Running command ['udevadm', 'settle'] with allowed return codes [0] (capture=False)
TIMED subp(['udevadm', 'settle']): 0.015
Running command ['mount', '--make-private', '/target/sys'] with allowed return codes [0] (capture=False)
Running command ['umount', '/target/sys'] with allowed return codes [0] (capture=False)
Running command ['mount', '--make-private', '/target/run'] with allowed return codes [0] (capture=False)
Running command ['umount', '/target/run'] with allowed return codes [0] (capture=False)
Running command ['mount', '--make-private', '/target/proc'] with allowed return codes [0] (capture=False)
Running command ['umount', '/target/proc'] with allowed return codes [0] (capture=False)
Running command ['mount', '--make-private', '/target/dev'] with allowed return codes [0] (capture=False)
Running command ['umount', '/target/dev'] with allowed return codes [0] (capture=False)
finish: cmd-install/stage-curthooks/builtin/cmd-curthooks/installing-kernel: SUCCESS: installing kernel
start: cmd-install/stage-curthooks/builtin/cmd-curthooks/setting-up-swap: setting up swap
Not creating swapfile: suggested size was 0
finish: cmd-install/stage-curthooks/builtin/cmd-curthooks/setting-up-swap: SUCCESS: setting up swap
start: cmd-install/stage-curthooks/builtin/cmd-curthooks/apply-networking-config: apply networking config
copying interfaces
no interfaces file to copy!
finish: cmd-install/stage-curthooks/builtin/cmd-curthooks/apply-networking-config: SUCCESS: apply networking config
start: cmd-install/stage-curthooks/builtin/cmd-curthooks/writing-etc-fstab: writing etc/fstab
finish: cmd-install/stage-curthooks/builtin/cmd-curthooks/writing-etc-fstab: SUCCESS: writing etc/fstab
start: cmd-install/stage-curthooks/builtin/cmd-curthooks/configuring-multipath: configuring multipath
Running command ['udevadm', 'info', '--query=property', '--export', '/dev/sr0'] with allowed return codes [0] (capture=True)
/dev/sr0 is multipath device? False
/dev/sr0 is multipath device partition? False
Running command ['udevadm', 'info', '--query=property', '--export', '/dev/sr0'] with allowed return codes [0] (capture=True)
/dev/sr0 is multipath device member? False
Running command ['udevadm', 'info', '--query=property', '--export', '/dev/loop0'] with allowed return codes [0] (capture=True)
/dev/loop0 is multipath device? False
/dev/loop0 is multipath device partition? False
Running command ['udevadm', 'info', '--query=property', '--export', '/dev/loop0'] with allowed return codes [0] (capture=True)
/dev/loop0 is multipath device member? False
Running command ['udevadm', 'info', '--query=property', '--export', '/dev/loop4'] with allowed return codes [0] (capture=True)
/dev/loop4 is multipath device? False
/dev/loop4 is multipath device partition? False
Running command ['udevadm', 'info', '--query=property', '--export', '/dev/loop4'] with allowed return codes [0] (capture=True)
/dev/loop4 is multipath device member? False
Running command ['udevadm', 'info', '--query=property', '--export', '/dev/loop5'] with allowed return codes [0] (capture=True)
/dev/loop5 is multipath device? False
/dev/loop5 is multipath device partition? False
Running command ['udevadm', 'info', '--query=property', '--export', '/dev/loop5'] with allowed return codes [0] (capture=True)
/dev/loop5 is multipath device member? False
Running command ['udevadm', 'info', '--query=property', '--export', '/dev/loop6'] with allowed return codes [0] (capture=True)
/dev/loop6 is multipath device? False
/dev/loop6 is multipath device partition? False
Running command ['udevadm', 'info', '--query=property', '--export', '/dev/loop6'] with allowed return codes [0] (capture=True)
/dev/loop6 is multipath device member? False
Running command ['udevadm', 'info', '--query=property', '--export', '/dev/loop8'] with allowed return codes [0] (capture=True)
/dev/loop8 is multipath device? False
/dev/loop8 is multipath device partition? False
Running command ['udevadm', 'info', '--query=property', '--export', '/dev/loop8'] with allowed return codes [0] (capture=True)
/dev/loop8 is multipath device member? False
Running command ['udevadm', 'info', '--query=property', '--export', '/dev/loop7'] with allowed return codes [0] (capture=True)
/dev/loop7 is multipath device? False
/dev/loop7 is multipath device partition? False
Running command ['udevadm', 'info', '--query=property', '--export', '/dev/loop7'] with allowed return codes [0] (capture=True)
/dev/loop7 is multipath device member? False
Running command ['udevadm', 'info', '--query=property', '--export', '/dev/loop9'] with allowed return codes [0] (capture=True)
/dev/loop9 is multipath device? False
/dev/loop9 is multipath device partition? False
Running command ['udevadm', 'info', '--query=property', '--export', '/dev/loop9'] with allowed return codes [0] (capture=True)
/dev/loop9 is multipath device member? False
Running command ['udevadm', 'info', '--query=property', '--export', '/dev/loop4'] with allowed return codes [0] (capture=True)
/dev/loop4 is multipath device? False
/dev/loop4 is multipath device partition? False
Running command ['udevadm', 'info', '--query=property', '--export', '/dev/loop4'] with allowed return codes [0] (capture=True)
/dev/loop4 is multipath device member? False
Running command ['udevadm', 'info', '--query=property', '--export', '/dev/loop1'] with allowed return codes [0] (capture=True)
/dev/loop1 is multipath device? False
/dev/loop1 is multipath device partition? False
Running command ['udevadm', 'info', '--query=property', '--export', '/dev/loop1'] with allowed return codes [0] (capture=True)
/dev/loop1 is multipath device member? False
Running command ['udevadm', 'info', '--query=property', '--export', '/dev/loop10'] with allowed return codes [0] (capture=True)
/dev/loop10 is multipath device? False
/dev/loop10 is multipath device partition? False
Running command ['udevadm', 'info', '--query=property', '--export', '/dev/loop10'] with allowed return codes [0] (capture=True)
/dev/loop10 is multipath device member? False
Running command ['udevadm', 'info', '--query=property', '--export', '/dev/loop11'] with allowed return codes [0] (capture=True)
/dev/loop11 is multipath device? False
/dev/loop11 is multipath device partition? False
Running command ['udevadm', 'info', '--query=property', '--export', '/dev/loop11'] with allowed return codes [0] (capture=True)
/dev/loop11 is multipath device member? False
Running command ['udevadm', 'info', '--query=property', '--export', '/dev/loop4'] with allowed return codes [0] (capture=True)
/dev/loop4 is multipath device? False
/dev/loop4 is multipath device partition? False
Running command ['udevadm', 'info', '--query=property', '--export', '/dev/loop4'] with allowed return codes [0] (capture=True)
/dev/loop4 is multipath device member? False
Running command ['udevadm', 'info', '--query=property', '--export', '/dev/sr0'] with allowed return codes [0] (capture=True)
/dev/sr0 is multipath device? False
/dev/sr0 is multipath device partition? False
Running command ['udevadm', 'info', '--query=property', '--export', '/dev/sr0'] with allowed return codes [0] (capture=True)
/dev/sr0 is multipath device member? False
Running command ['udevadm', 'info', '--query=property', '--export', '/dev/sda3'] with allowed return codes [0] (capture=True)
/dev/sda3 is multipath device? False
/dev/sda3 is multipath device partition? False
Running command ['udevadm', 'info', '--query=property', '--export', '/dev/sda3'] with allowed return codes [0] (capture=True)
/dev/sda3 is multipath device member? False
Running command ['udevadm', 'info', '--query=property', '--export', '/dev/sr0'] with allowed return codes [0] (capture=True)
/dev/sr0 is multipath device? False
/dev/sr0 is multipath device partition? False
Running command ['udevadm', 'info', '--query=property', '--export', '/dev/sr0'] with allowed return codes [0] (capture=True)
/dev/sr0 is multipath device member? False
Running command ['lsblk', '--noheadings', '--bytes', '--pairs', '--output=ALIGNMENT,DISC-ALN,DISC-GRAN,DISC-MAX,DISC-ZERO,FSTYPE,GROUP,KNAME,LABEL,LOG-SEC,MAJ:MIN,MIN-IO,MODE,MODEL,MOUNTPOINT,NAME,OPT-IO,OWNER,PHY-SEC,RM,RO,ROTA,RQ-SIZE,SIZE,STATE,TYPE,UUID', '--nodeps'] with allowed return codes [0] (capture=True)
Running command ['lsblk', '--noheadings', '--bytes', '--pairs', '--output=ALIGNMENT,DISC-ALN,DISC-GRAN,DISC-MAX,DISC-ZERO,FSTYPE,GROUP,KNAME,LABEL,LOG-SEC,MAJ:MIN,MIN-IO,MODE,MODEL,MOUNTPOINT,NAME,OPT-IO,OWNER,PHY-SEC,RM,RO,ROTA,RQ-SIZE,SIZE,STATE,TYPE,UUID', '/dev/loop0'] with allowed return codes [0] (capture=True)
Running command ['lsblk', '--noheadings', '--bytes', '--pairs', '--output=ALIGNMENT,DISC-ALN,DISC-GRAN,DISC-MAX,DISC-ZERO,FSTYPE,GROUP,KNAME,LABEL,LOG-SEC,MAJ:MIN,MIN-IO,MODE,MODEL,MOUNTPOINT,NAME,OPT-IO,OWNER,PHY-SEC,RM,RO,ROTA,RQ-SIZE,SIZE,STATE,TYPE,UUID', '/dev/loop1'] with allowed return codes [0] (capture=True)
Running command ['lsblk', '--noheadings', '--bytes', '--pairs', '--output=ALIGNMENT,DISC-ALN,DISC-GRAN,DISC-MAX,DISC-ZERO,FSTYPE,GROUP,KNAME,LABEL,LOG-SEC,MAJ:MIN,MIN-IO,MODE,MODEL,MOUNTPOINT,NAME,OPT-IO,OWNER,PHY-SEC,RM,RO,ROTA,RQ-SIZE,SIZE,STATE,TYPE,UUID', '/dev/loop2'] with allowed return codes [0] (capture=True)
Running command ['lsblk', '--noheadings', '--bytes', '--pairs', '--output=ALIGNMENT,DISC-ALN,DISC-GRAN,DISC-MAX,DISC-ZERO,FSTYPE,GROUP,KNAME,LABEL,LOG-SEC,MAJ:MIN,MIN-IO,MODE,MODEL,MOUNTPOINT,NAME,OPT-IO,OWNER,PHY-SEC,RM,RO,ROTA,RQ-SIZE,SIZE,STATE,TYPE,UUID', '/dev/loop3'] with allowed return codes [0] (capture=True)
Running command ['lsblk', '--noheadings', '--bytes', '--pairs', '--output=ALIGNMENT,DISC-ALN,DISC-GRAN,DISC-MAX,DISC-ZERO,FSTYPE,GROUP,KNAME,LABEL,LOG-SEC,MAJ:MIN,MIN-IO,MODE,MODEL,MOUNTPOINT,NAME,OPT-IO,OWNER,PHY-SEC,RM,RO,ROTA,RQ-SIZE,SIZE,STATE,TYPE,UUID', '/dev/loop4'] with allowed return codes [0] (capture=True)
Running command ['lsblk', '--noheadings', '--bytes', '--pairs', '--output=ALIGNMENT,DISC-ALN,DISC-GRAN,DISC-MAX,DISC-ZERO,FSTYPE,GROUP,KNAME,LABEL,LOG-SEC,MAJ:MIN,MIN-IO,MODE,MODEL,MOUNTPOINT,NAME,OPT-IO,OWNER,PHY-SEC,RM,RO,ROTA,RQ-SIZE,SIZE,STATE,TYPE,UUID', '/dev/loop5'] with allowed return codes [0] (capture=True)
Running command ['lsblk', '--noheadings', '--bytes', '--pairs', '--output=ALIGNMENT,DISC-ALN,DISC-GRAN,DISC-MAX,DISC-ZERO,FSTYPE,GROUP,KNAME,LABEL,LOG-SEC,MAJ:MIN,MIN-IO,MODE,MODEL,MOUNTPOINT,NAME,OPT-IO,OWNER,PHY-SEC,RM,RO,ROTA,RQ-SIZE,SIZE,STATE,TYPE,UUID', '/dev/loop6'] with allowed return codes [0] (capture=True)
Running command ['lsblk', '--noheadings', '--bytes', '--pairs', '--output=ALIGNMENT,DISC-ALN,DISC-GRAN,DISC-MAX,DISC-ZERO,FSTYPE,GROUP,KNAME,LABEL,LOG-SEC,MAJ:MIN,MIN-IO,MODE,MODEL,MOUNTPOINT,NAME,OPT-IO,OWNER,PHY-SEC,RM,RO,ROTA,RQ-SIZE,SIZE,STATE,TYPE,UUID', '/dev/loop7'] with allowed return codes [0] (capture=True)
Running command ['lsblk', '--noheadings', '--bytes', '--pairs', '--output=ALIGNMENT,DISC-ALN,DISC-GRAN,DISC-MAX,DISC-ZERO,FSTYPE,GROUP,KNAME,LABEL,LOG-SEC,MAJ:MIN,MIN-IO,MODE,MODEL,MOUNTPOINT,NAME,OPT-IO,OWNER,PHY-SEC,RM,RO,ROTA,RQ-SIZE,SIZE,STATE,TYPE,UUID', '/dev/loop8'] with allowed return codes [0] (capture=True)
Running command ['lsblk', '--noheadings', '--bytes', '--pairs', '--output=ALIGNMENT,DISC-ALN,DISC-GRAN,DISC-MAX,DISC-ZERO,FSTYPE,GROUP,KNAME,LABEL,LOG-SEC,MAJ:MIN,MIN-IO,MODE,MODEL,MOUNTPOINT,NAME,OPT-IO,OWNER,PHY-SEC,RM,RO,ROTA,RQ-SIZE,SIZE,STATE,TYPE,UUID', '/dev/loop9'] with allowed return codes [0] (capture=True)
Running command ['lsblk', '--noheadings', '--bytes', '--pairs', '--output=ALIGNMENT,DISC-ALN,DISC-GRAN,DISC-MAX,DISC-ZERO,FSTYPE,GROUP,KNAME,LABEL,LOG-SEC,MAJ:MIN,MIN-IO,MODE,MODEL,MOUNTPOINT,NAME,OPT-IO,OWNER,PHY-SEC,RM,RO,ROTA,RQ-SIZE,SIZE,STATE,TYPE,UUID', '/dev/loop10'] with allowed return codes [0] (capture=True)
Running command ['lsblk', '--noheadings', '--bytes', '--pairs', '--output=ALIGNMENT,DISC-ALN,DISC-GRAN,DISC-MAX,DISC-ZERO,FSTYPE,GROUP,KNAME,LABEL,LOG-SEC,MAJ:MIN,MIN-IO,MODE,MODEL,MOUNTPOINT,NAME,OPT-IO,OWNER,PHY-SEC,RM,RO,ROTA,RQ-SIZE,SIZE,STATE,TYPE,UUID', '/dev/loop11'] with allowed return codes [0] (capture=True)
Running command ['lsblk', '--noheadings', '--bytes', '--pairs', '--output=ALIGNMENT,DISC-ALN,DISC-GRAN,DISC-MAX,DISC-ZERO,FSTYPE,GROUP,KNAME,LABEL,LOG-SEC,MAJ:MIN,MIN-IO,MODE,MODEL,MOUNTPOINT,NAME,OPT-IO,OWNER,PHY-SEC,RM,RO,ROTA,RQ-SIZE,SIZE,STATE,TYPE,UUID', '/dev/sda'] with allowed return codes [0] (capture=True)
Running command ['lsblk', '--noheadings', '--bytes', '--pairs', '--output=ALIGNMENT,DISC-ALN,DISC-GRAN,DISC-MAX,DISC-ZERO,FSTYPE,GROUP,KNAME,LABEL,LOG-SEC,MAJ:MIN,MIN-IO,MODE,MODEL,MOUNTPOINT,NAME,OPT-IO,OWNER,PHY-SEC,RM,RO,ROTA,RQ-SIZE,SIZE,STATE,TYPE,UUID', '/dev/sr0'] with allowed return codes [0] (capture=True)
no devices found to rescan
Running command ['blkid', '-o', 'full'] with allowed return codes [0] (capture=True)
legacy_detect_multipath found blkid info: {'/dev/loop1': {'TYPE': 'squashfs'}, '/dev/loop8': {'TYPE': 'squashfs'}, '/dev/loop6': {'TYPE': 'squashfs'}, '/dev/loop4': {'TYPE': 'squashfs'}, '/dev/loop11': {'TYPE': 'squashfs'}, '/dev/sr0': {'BLOCK_SIZE': '2048', 'UUID': '2022-10-19-14-38-44-00', 'LABEL': 'Ubuntu-Server 22.10 amd64', 'TYPE': 'iso9660', 'PTTYPE': 'PMBR'}, '/dev/loop2': {'TYPE': 'squashfs'}, '/dev/loop0': {'TYPE': 'squashfs'}, '/dev/loop9': {'TYPE': 'squashfs'}, '/dev/loop7': {'TYPE': 'squashfs'}, '/dev/sda2': {'UUID': 'c0e0c9d6-3108-48e9-9f15-2be72673d591', 'TYPE': 'swap', 'PARTUUID': 'b429099f-4a98-420b-9b8e-d155aad8fac6'}, '/dev/sda3': {'UUID': '3e430971-cf74-4774-a808-b00c7e59e232', 'BLOCK_SIZE': '4096', 'TYPE': 'ext4', 'PARTUUID': 'c790ac06-79a1-49de-904a-0aaf425e0071'}, '/dev/sda1': {'PARTUUID': '2a844477-f402-4710-b6f9-b5fd7b5cadea'}, '/dev/loop5': {'TYPE': 'squashfs'}, '/dev/loop3': {'TYPE': 'squashfs'}, '/dev/loop10': {'TYPE': 'squashfs'}}
Running command ['lsblk', '--noheadings', '--bytes', '--pairs', '--output=ALIGNMENT,DISC-ALN,DISC-GRAN,DISC-MAX,DISC-ZERO,FSTYPE,GROUP,KNAME,LABEL,LOG-SEC,MAJ:MIN,MIN-IO,MODE,MODEL,MOUNTPOINT,NAME,OPT-IO,OWNER,PHY-SEC,RM,RO,ROTA,RQ-SIZE,SIZE,STATE,TYPE,UUID'] with allowed return codes [0] (capture=True)
target_devs: ['/dev/sda3']
/dev/sda3: 3e430971-cf74-4774-a808-b00c7e59e232
Multipath detection found: False
finish: cmd-install/stage-curthooks/builtin/cmd-curthooks/configuring-multipath: SUCCESS: configuring multipath
start: cmd-install/stage-curthooks/builtin/cmd-curthooks/system-upgrade: updating packages on target system
system_upgrade disabled by config.
finish: cmd-install/stage-curthooks/builtin/cmd-curthooks/system-upgrade: SUCCESS: updating packages on target system
start: cmd-install/stage-curthooks/builtin/cmd-curthooks/pollinate-user-agent: configuring pollinate user-agent on target
finish: cmd-install/stage-curthooks/builtin/cmd-curthooks/pollinate-user-agent: SUCCESS: configuring pollinate user-agent on target
start: cmd-install/stage-curthooks/builtin/cmd-curthooks/updating-initramfs-configuration: updating initramfs configuration
Running command ['mount', '--bind', '/dev', '/target/dev'] with allowed return codes [0] (capture=False)
Running command ['mount', '--bind', '/proc', '/target/proc'] with allowed return codes [0] (capture=False)
Running command ['mount', '--bind', '/run', '/target/run'] with allowed return codes [0] (capture=False)
Running command ['mount', '--bind', '/sys', '/target/sys'] with allowed return codes [0] (capture=False)
Running command ['unshare', '--fork', '--pid', '--', 'chroot', '/target', 'dpkg-divert', '--list'] with allowed return codes [0] (capture=True)
Running command ['udevadm', 'settle'] with allowed return codes [0] (capture=False)
TIMED subp(['udevadm', 'settle']): 0.008
Running command ['mount', '--make-private', '/target/sys'] with allowed return codes [0] (capture=False)
Running command ['umount', '/target/sys'] with allowed return codes [0] (capture=False)
Running command ['mount', '--make-private', '/target/run'] with allowed return codes [0] (capture=False)
Running command ['umount', '/target/run'] with allowed return codes [0] (capture=False)
Running command ['mount', '--make-private', '/target/proc'] with allowed return codes [0] (capture=False)
Running command ['umount', '/target/proc'] with allowed return codes [0] (capture=False)
Running command ['mount', '--make-private', '/target/dev'] with allowed return codes [0] (capture=False)
Running command ['umount', '/target/dev'] with allowed return codes [0] (capture=False)
Running command ['mount', '--bind', '/dev', '/target/dev'] with allowed return codes [0] (capture=False)
Running command ['mount', '--bind', '/proc', '/target/proc'] with allowed return codes [0] (capture=False)
Running command ['mount', '--bind', '/run', '/target/run'] with allowed return codes [0] (capture=False)
Running command ['mount', '--bind', '/sys', '/target/sys'] with allowed return codes [0] (capture=False)
Restoring update-initramfs in target for initrd updates.
del_file: removed /target/usr/sbin/update-initramfs
Running command ['unshare', '--fork', '--pid', '--', 'chroot', '/target', 'dpkg-divert', '--rename', '--remove', '/usr/sbin/update-initramfs'] with allowed return codes [0] (capture=False)
Removing 'local diversion of /usr/sbin/update-initramfs to /usr/sbin/update-initramfs.curtin-disabled'
Running command ['udevadm', 'settle'] with allowed return codes [0] (capture=False)
TIMED subp(['udevadm', 'settle']): 0.022
Running command ['mount', '--make-private', '/target/sys'] with allowed return codes [0] (capture=False)
Running command ['umount', '/target/sys'] with allowed return codes [0] (capture=False)
Running command ['mount', '--make-private', '/target/run'] with allowed return codes [0] (capture=False)
Running command ['umount', '/target/run'] with allowed return codes [0] (capture=False)
Running command ['mount', '--make-private', '/target/proc'] with allowed return codes [0] (capture=False)
Running command ['umount', '/target/proc'] with allowed return codes [0] (capture=False)
Running command ['mount', '--make-private', '/target/dev'] with allowed return codes [0] (capture=False)
Running command ['umount', '/target/dev'] with allowed return codes [0] (capture=False)
Running command ['mount', '--bind', '/dev', '/target/dev'] with allowed return codes [0] (capture=False)
Running command ['mount', '--bind', '/proc', '/target/proc'] with allowed return codes [0] (capture=False)
Running command ['mount', '--bind', '/run', '/target/run'] with allowed return codes [0] (capture=False)
Running command ['mount', '--bind', '/sys', '/target/sys'] with allowed return codes [0] (capture=False)
Running command ['unshare', '--fork', '--pid', '--', 'chroot', '/target', 'dpkg-divert', '--list'] with allowed return codes [0] (capture=True)
Running command ['udevadm', 'settle'] with allowed return codes [0] (capture=False)
TIMED subp(['udevadm', 'settle']): 0.027
Running command ['mount', '--make-private', '/target/sys'] with allowed return codes [0] (capture=False)
Running command ['umount', '/target/sys'] with allowed return codes [0] (capture=False)
Running command ['mount', '--make-private', '/target/run'] with allowed return codes [0] (capture=False)
Running command ['umount', '/target/run'] with allowed return codes [0] (capture=False)
Running command ['mount', '--make-private', '/target/proc'] with allowed return codes [0] (capture=False)
Running command ['umount', '/target/proc'] with allowed return codes [0] (capture=False)
Running command ['mount', '--make-private', '/target/dev'] with allowed return codes [0] (capture=False)
Running command ['umount', '/target/dev'] with allowed return codes [0] (capture=False)
Running command ['mount', '--bind', '/dev', '/target/dev'] with allowed return codes [0] (capture=False)
Running command ['mount', '--bind', '/proc', '/target/proc'] with allowed return codes [0] (capture=False)
Running command ['mount', '--bind', '/run', '/target/run'] with allowed return codes [0] (capture=False)
Running command ['mount', '--bind', '/sys', '/target/sys'] with allowed return codes [0] (capture=False)
Running command ['unshare', '--fork', '--pid', '--', 'chroot', '/target', 'update-initramfs', '-c', '-k', '5.19.0-46-generic'] with allowed return codes [0] (capture=False)
update-initramfs: Generating /boot/initrd.img-5.19.0-46-generic
Running command ['udevadm', 'settle'] with allowed return codes [0] (capture=False)
TIMED subp(['udevadm', 'settle']): 0.011
Running command ['mount', '--make-private', '/target/sys'] with allowed return codes [0] (capture=False)
Running command ['umount', '/target/sys'] with allowed return codes [0] (capture=False)
Running command ['mount', '--make-private', '/target/run'] with allowed return codes [0] (capture=False)
Running command ['umount', '/target/run'] with allowed return codes [0] (capture=False)
Running command ['mount', '--make-private', '/target/proc'] with allowed return codes [0] (capture=False)
Running command ['umount', '/target/proc'] with allowed return codes [0] (capture=False)
Running command ['mount', '--make-private', '/target/dev'] with allowed return codes [0] (capture=False)
Running command ['umount', '/target/dev'] with allowed return codes [0] (capture=False)
finish: cmd-install/stage-curthooks/builtin/cmd-curthooks/updating-initramfs-configuration: SUCCESS: updating initramfs configuration
start: cmd-install/stage-curthooks/builtin/cmd-curthooks/configuring-bootloader: configuring target system bootloader
start: cmd-install/stage-curthooks/builtin/cmd-curthooks/install-grub: installing grub to target devices
setup grub on target /target
checking: {'ptable': 'gpt', 'path': '/dev/sda', 'wipe': 'superblock-recursive', 'preserve': False, 'name': '', 'grub_device': True, 'type': 'disk', 'id': 'disk-sda'}
get_path_to_storage_volume for volume disk-sda({'ptable': 'gpt', 'path': '/dev/sda', 'wipe': 'superblock-recursive', 'preserve': False, 'name': '', 'grub_device': True, 'type': 'disk', 'id': 'disk-sda'})
Running command ['udevadm', 'info', '--query=property', '--export', '/dev/sda'] with allowed return codes [0] (capture=True)
/dev/sda is multipath device member? False
Running command ['partprobe', '/dev/sda'] with allowed return codes [0, 1] (capture=False)
Running command ['udevadm', 'settle'] with allowed return codes [0] (capture=False)
TIMED udevadm_settle(): 0.052
devsync happy - path /dev/sda now exists
return volume path /dev/sda
install_devices: ['/dev/sda']
Generating grub debconf_selections for devices=['/dev/sda'] uefi=False
Applying grub debconf_selections config:
{'debconf_selections': {'grub': 'grub-pc grub-pc/install_devices multiselect /dev/sda'}}
Applying debconf selections
Running command ['unshare', '--fork', '--pid', '--', 'chroot', '/target', 'debconf-set-selections'] with allowed return codes [0] (capture=True)
Running command ['unshare', '--fork', '--pid', '--', 'chroot', '/target', 'dpkg-query', '--list'] with allowed return codes [0] (capture=True)
The following packages were installed and preseeded, but cannot be unconfigured: ['grub-pc']
installing grub to target=/target devices=['/dev/sda'] [replace_defaults=None]
Running command ['unshare', '--fork', '--pid', '--', 'chroot', '/target', 'dpkg', '--print-architecture'] with allowed return codes [0] (capture=True)
updated /target/etc/default/grub to set: GRUB_CMDLINE_LINUX_DEFAULT=""
Using grub install command: grub-install
Grub install cmds:
[['dpkg-reconfigure', 'grub-pc'], ['update-grub'], ['grub-install', '/dev/sda']]
Running command ['mount', '--bind', '/dev', '/target/dev'] with allowed return codes [0] (capture=False)
Running command ['mount', '--bind', '/proc', '/target/proc'] with allowed return codes [0] (capture=False)
Running command ['mount', '--bind', '/run', '/target/run'] with allowed return codes [0] (capture=False)
Running command ['mount', '--bind', '/sys', '/target/sys'] with allowed return codes [0] (capture=False)
Running command ['unshare', '--fork', '--pid', '--', 'chroot', '/target', 'dpkg-reconfigure', 'grub-pc'] with allowed return codes [0] (capture=True)
Running command ['unshare', '--fork', '--pid', '--', 'chroot', '/target', 'update-grub'] with allowed return codes [0] (capture=True)
Running command ['unshare', '--fork', '--pid', '--', 'chroot', '/target', 'grub-install', '/dev/sda'] with allowed return codes [0] (capture=True)
Running command ['udevadm', 'settle'] with allowed return codes [0] (capture=False)
TIMED subp(['udevadm', 'settle']): 0.048
Running command ['mount', '--make-private', '/target/sys'] with allowed return codes [0] (capture=False)
Running command ['umount', '/target/sys'] with allowed return codes [0] (capture=False)
Running command ['mount', '--make-private', '/target/run'] with allowed return codes [0] (capture=False)
Running command ['umount', '/target/run'] with allowed return codes [0] (capture=False)
Running command ['mount', '--make-private', '/target/proc'] with allowed return codes [0] (capture=False)
Running command ['umount', '/target/proc'] with allowed return codes [0] (capture=False)
Running command ['mount', '--make-private', '/target/dev'] with allowed return codes [0] (capture=False)
Running command ['umount', '/target/dev'] with allowed return codes [0] (capture=False)
finish: cmd-install/stage-curthooks/builtin/cmd-curthooks/install-grub: SUCCESS: installing grub to target devices
finish: cmd-install/stage-curthooks/builtin/cmd-curthooks/configuring-bootloader: SUCCESS: configuring target system bootloader
finish: cmd-install/stage-curthooks/builtin/cmd-curthooks: SUCCESS: curtin command curthooks
curtin: Installation finished.
